2023-10-30 01:43:28.636 -05:00 [INF] Executed DbCommand (19ms) [Parameters=[], CommandType='"Text"', CommandTimeout='30']
SELECT 1
2023-10-30 01:43:28.680 -05:00 [INF] Executed DbCommand (16ms) [Parameters=[], CommandType='"Text"', CommandTimeout='30']
SELECT OBJECT_ID(N'[__EFMigrationsHistory]');
2023-10-30 01:43:28.683 -05:00 [INF] Executed DbCommand (0ms) [Parameters=[], CommandType='"Text"', CommandTimeout='30']
SELECT 1
2023-10-30 01:43:28.685 -05:00 [INF] Executed DbCommand (0ms) [Parameters=[], CommandType='"Text"', CommandTimeout='30']
SELECT OBJECT_ID(N'[__EFMigrationsHistory]');
2023-10-30 01:43:28.697 -05:00 [INF] Executed DbCommand (2ms) [Parameters=[], CommandType='"Text"', CommandTimeout='30']
SELECT [MigrationId], [ProductVersion]
FROM [__EFMigrationsHistory]
ORDER BY [MigrationId];
2023-10-30 01:43:28.712 -05:00 [INF] No migrations were applied. The database is already up to date.
2023-10-30 01:43:28.734 -05:00 [INF] User profile is available. Using 'C:\Users\JACKSON\AppData\Local\ASP.NET\DataProtection-Keys' as key repository and Windows DPAPI to encrypt keys at rest.
2023-10-30 01:43:28.906 -05:00 [INF] Executed DbCommand (16ms) [Parameters=[@__normalizedName_0='ADMINISTRATOR' (Size = 256)], CommandType='"Text"', CommandTimeout='30']
SELECT TOP(1) [r].[Id], [r].[ConcurrencyStamp], [r].[Name], [r].[NormalizedName]
FROM [GamerShop].[Rol] AS [r]
WHERE [r].[NormalizedName] = @__normalizedName_0
2023-10-30 01:43:28.937 -05:00 [INF] Executed DbCommand (0ms) [Parameters=[@__normalizedName_0='CUSTOMER' (Size = 256)], CommandType='"Text"', CommandTimeout='30']
SELECT TOP(1) [r].[Id], [r].[ConcurrencyStamp], [r].[Name], [r].[NormalizedName]
FROM [GamerShop].[Rol] AS [r]
WHERE [r].[NormalizedName] = @__normalizedName_0
2023-10-30 01:43:29.042 -05:00 [INF] Executed DbCommand (3ms) [Parameters=[@__normalizedUserName_0='ADMIN@GMAIL.COM' (Size = 256)], CommandType='"Text"', CommandTimeout='30']
SELECT TOP(1) [u].[Id], [u].[AccessFailedCount], [u].[Age], [u].[ConcurrencyStamp], [u].[DocumentNumber], [u].[DocumentType], [u].[Email], [u].[EmailConfirmed], [u].[FirstName], [u].[LastName], [u].[LockoutEnabled], [u].[LockoutEnd], [u].[NormalizedEmail], [u].[NormalizedUserName], [u].[PasswordHash], [u].[PhoneNumber], [u].[PhoneNumberConfirmed], [u].[SecurityStamp], [u].[TwoFactorEnabled], [u].[UserName]
FROM [GamerShop].[Usuario] AS [u]
WHERE [u].[NormalizedUserName] = @__normalizedUserName_0
2023-10-30 01:43:29.086 -05:00 [INF] Executed DbCommand (1ms) [Parameters=[@__normalizedEmail_0='ADMIN@GMAIL.COM' (Size = 256)], CommandType='"Text"', CommandTimeout='30']
SELECT TOP(2) [u].[Id], [u].[AccessFailedCount], [u].[Age], [u].[ConcurrencyStamp], [u].[DocumentNumber], [u].[DocumentType], [u].[Email], [u].[EmailConfirmed], [u].[FirstName], [u].[LastName], [u].[LockoutEnabled], [u].[LockoutEnd], [u].[NormalizedEmail], [u].[NormalizedUserName], [u].[PasswordHash], [u].[PhoneNumber], [u].[PhoneNumberConfirmed], [u].[SecurityStamp], [u].[TwoFactorEnabled], [u].[UserName]
FROM [GamerShop].[Usuario] AS [u]
WHERE [u].[NormalizedEmail] = @__normalizedEmail_0
2023-10-30 01:43:29.224 -05:00 [INF] Now listening on: https://localhost:7063
2023-10-30 01:43:29.226 -05:00 [INF] Now listening on: http://localhost:5022
2023-10-30 01:43:29.229 -05:00 [INF] Application started. Press Ctrl+C to shut down.
2023-10-30 01:43:29.230 -05:00 [INF] Hosting environment: Development
2023-10-30 01:43:29.231 -05:00 [INF] Content root path: C:\Users\JACKSON\source\repos\GamerSellStore\GamerSellStore.Api
2023-10-30 01:43:29.970 -05:00 [INF] Request starting HTTP/2 GET https://localhost:7063/swagger/index.html - -
2023-10-30 01:43:30.179 -05:00 [INF] Request finished HTTP/2 GET https://localhost:7063/swagger/index.html - - - 200 - text/html;charset=utf-8 211.3897ms
2023-10-30 01:43:30.188 -05:00 [INF] Request starting HTTP/2 GET https://localhost:7063/_framework/aspnetcore-browser-refresh.js - -
2023-10-30 01:43:30.192 -05:00 [INF] Request starting HTTP/2 GET https://localhost:7063/_vs/browserLink - -
2023-10-30 01:43:30.202 -05:00 [INF] Request finished HTTP/2 GET https://localhost:7063/_framework/aspnetcore-browser-refresh.js - - - 200 12368 application/javascript;+charset=utf-8 13.7087ms
2023-10-30 01:43:30.211 -05:00 [INF] Request finished HTTP/2 GET https://localhost:7063/_vs/browserLink - - - 200 - text/javascript;+charset=UTF-8 19.1079ms
2023-10-30 01:43:30.257 -05:00 [INF] Request starting HTTP/2 GET https://localhost:7063/swagger/v1/swagger.json - -
2023-10-30 01:43:30.398 -05:00 [INF] Request finished HTTP/2 GET https://localhost:7063/swagger/v1/swagger.json - - - 200 - application/json;charset=utf-8 141.4854ms
2023-10-30 01:43:43.376 -05:00 [INF] Request starting HTTP/1.1 GET https://localhost:7063/api/Publisher/Listar - -
2023-10-30 01:43:43.418 -05:00 [INF] Executing endpoint 'GamerSellStore.Api.Controllers.PublisherController.ListarAsync (GamerSellStore.Api)'
2023-10-30 01:43:43.426 -05:00 [INF] Route matched with {action = "Listar", controller = "Publisher"}. Executing controller action with signature System.Threading.Tasks.Task`1[Microsoft.AspNetCore.Mvc.IActionResult] ListarAsync() on controller GamerSellStore.Api.Controllers.PublisherController (GamerSellStore.Api).
2023-10-30 01:43:43.525 -05:00 [INF] Executed DbCommand (1ms) [Parameters=[], CommandType='"Text"', CommandTimeout='30']
SELECT [p].[Id], [p].[Estado], [p].[Nombre], [p].[Pais]
FROM [GamerShop].[Publisher] AS [p]
2023-10-30 01:43:43.597 -05:00 [INF] RESPONSE:[{"codResp":"00","descResp":"Conforme","Data":[{"Id":1,"Nombre":"Microsoft Game Studios","Pais":"USA","Estado":1},{"Id":2,"Nombre":"RockStar Games","Pais":"USA","Estado":1},{"Id":3,"Nombre":"EA TM","Pais":"USA","Estado":1},{"Id":4,"Nombre":"SEGA","Pais":"USA","Estado":1},{"Id":5,"Nombre":"CAPCOM","Pais":"JPN","Estado":1},{"Id":6,"Nombre":"UBISOFT","Pais":"USA","Estado":1},{"Id":7,"Nombre":"Insomniac Games","Pais":"USA","Estado":1},{"Id":8,"Nombre":"Warner Bros Games","Pais":"USA","Estado":1},{"Id":9,"Nombre":"Sony Interactive Games","Pais":"JPN","Estado":1},{"Id":10,"Nombre":"THQ","Pais":"AUT","Estado":1},{"Id":11,"Nombre":"Blizzard Entertaiment","Pais":"USA","Estado":1},{"Id":12,"Nombre":"Telltale Games","Pais":"USA","Estado":1},{"Id":13,"Nombre":"SquareEnix","Pais":"JPN","Estado":1},{"Id":14,"Nombre":"Nintendo","Pais":"JPN","Estado":1},{"Id":15,"Nombre":"Machine Zone","Pais":"USA","Estado":1},{"Id":16,"Nombre":"EIDOS Interactive Ltd.","Pais":"UK","Estado":1},{"Id":17,"Nombre":"Bethesda Softwork","Pais":"CHN","Estado":1},{"Id":18,"Nombre":"Konami","Pais":"JPN","Estado":1},{"Id":19,"Nombre":"Santa Monica Studio","Pais":"USA","Estado":1}],"TotalPages":0}]
2023-10-30 01:43:43.603 -05:00 [INF] Executing OkObjectResult, writing value of type 'GamerSellStore.Dtos.ResponseBase.BaseResponseLista`1[[GamerSellStore.Dtos.Response.PublisherSearchDtoResponse, GamerSellStore.Dtos, Version=1.0.0.0, Culture=neutral, PublicKeyToken=null]]'.
2023-10-30 01:43:43.609 -05:00 [INF] Executed action GamerSellStore.Api.Controllers.PublisherController.ListarAsync (GamerSellStore.Api) in 180.2778ms
2023-10-30 01:43:43.610 -05:00 [INF] Executed endpoint 'GamerSellStore.Api.Controllers.PublisherController.ListarAsync (GamerSellStore.Api)'
2023-10-30 01:43:43.611 -05:00 [INF] Request finished HTTP/1.1 GET https://localhost:7063/api/Publisher/Listar - - - 200 - application/json;+charset=utf-8 235.0410ms
2023-10-30 01:43:59.379 -05:00 [INF] Request starting HTTP/1.1 GET https://localhost:7063/api/Publisher/Listar - -
2023-10-30 01:43:59.382 -05:00 [INF] Executing endpoint 'GamerSellStore.Api.Controllers.PublisherController.ListarAsync (GamerSellStore.Api)'
2023-10-30 01:43:59.383 -05:00 [INF] Route matched with {action = "Listar", controller = "Publisher"}. Executing controller action with signature System.Threading.Tasks.Task`1[Microsoft.AspNetCore.Mvc.IActionResult] ListarAsync() on controller GamerSellStore.Api.Controllers.PublisherController (GamerSellStore.Api).
2023-10-30 01:43:59.422 -05:00 [INF] Executed DbCommand (1ms) [Parameters=[], CommandType='"Text"', CommandTimeout='30']
SELECT [p].[Id], [p].[Estado], [p].[Nombre], [p].[Pais]
FROM [GamerShop].[Publisher] AS [p]
2023-10-30 01:43:59.424 -05:00 [INF] RESPONSE:[{"codResp":"00","descResp":"Conforme","Data":[{"Id":1,"Nombre":"Microsoft Game Studios","Pais":"USA","Estado":1},{"Id":2,"Nombre":"RockStar Games","Pais":"USA","Estado":1},{"Id":3,"Nombre":"EA TM","Pais":"USA","Estado":1},{"Id":4,"Nombre":"SEGA","Pais":"USA","Estado":1},{"Id":5,"Nombre":"CAPCOM","Pais":"JPN","Estado":1},{"Id":6,"Nombre":"UBISOFT","Pais":"USA","Estado":1},{"Id":7,"Nombre":"Insomniac Games","Pais":"USA","Estado":1},{"Id":8,"Nombre":"Warner Bros Games","Pais":"USA","Estado":1},{"Id":9,"Nombre":"Sony Interactive Games","Pais":"JPN","Estado":1},{"Id":10,"Nombre":"THQ","Pais":"AUT","Estado":1},{"Id":11,"Nombre":"Blizzard Entertaiment","Pais":"USA","Estado":1},{"Id":12,"Nombre":"Telltale Games","Pais":"USA","Estado":1},{"Id":13,"Nombre":"SquareEnix","Pais":"JPN","Estado":1},{"Id":14,"Nombre":"Nintendo","Pais":"JPN","Estado":1},{"Id":15,"Nombre":"Machine Zone","Pais":"USA","Estado":1},{"Id":16,"Nombre":"EIDOS Interactive Ltd.","Pais":"UK","Estado":1},{"Id":17,"Nombre":"Bethesda Softwork","Pais":"CHN","Estado":1},{"Id":18,"Nombre":"Konami","Pais":"JPN","Estado":1},{"Id":19,"Nombre":"Santa Monica Studio","Pais":"USA","Estado":1}],"TotalPages":0}]
2023-10-30 01:43:59.424 -05:00 [INF] Executing OkObjectResult, writing value of type 'GamerSellStore.Dtos.ResponseBase.BaseResponseLista`1[[GamerSellStore.Dtos.Response.PublisherSearchDtoResponse, GamerSellStore.Dtos, Version=1.0.0.0, Culture=neutral, PublicKeyToken=null]]'.
2023-10-30 01:43:59.425 -05:00 [INF] Executed action GamerSellStore.Api.Controllers.PublisherController.ListarAsync (GamerSellStore.Api) in 41.9743ms
2023-10-30 01:43:59.425 -05:00 [INF] Executed endpoint 'GamerSellStore.Api.Controllers.PublisherController.ListarAsync (GamerSellStore.Api)'
2023-10-30 01:43:59.425 -05:00 [INF] Request finished HTTP/1.1 GET https://localhost:7063/api/Publisher/Listar - - - 200 - application/json;+charset=utf-8 45.8935ms
2023-10-30 01:44:10.324 -05:00 [INF] Request starting HTTP/1.1 GET https://localhost:7063/api/Publisher/Listar - -
2023-10-30 01:44:10.326 -05:00 [INF] Executing endpoint 'GamerSellStore.Api.Controllers.PublisherController.ListarAsync (GamerSellStore.Api)'
2023-10-30 01:44:10.326 -05:00 [INF] Route matched with {action = "Listar", controller = "Publisher"}. Executing controller action with signature System.Threading.Tasks.Task`1[Microsoft.AspNetCore.Mvc.IActionResult] ListarAsync() on controller GamerSellStore.Api.Controllers.PublisherController (GamerSellStore.Api).
2023-10-30 01:44:10.331 -05:00 [INF] Executed DbCommand (1ms) [Parameters=[], CommandType='"Text"', CommandTimeout='30']
SELECT [p].[Id], [p].[Estado], [p].[Nombre], [p].[Pais]
FROM [GamerShop].[Publisher] AS [p]
2023-10-30 01:44:10.332 -05:00 [INF] RESPONSE:[{"codResp":"00","descResp":"Conforme","Data":[{"Id":1,"Nombre":"Microsoft Game Studios","Pais":"USA","Estado":1},{"Id":2,"Nombre":"RockStar Games","Pais":"USA","Estado":1},{"Id":3,"Nombre":"EA TM","Pais":"USA","Estado":1},{"Id":4,"Nombre":"SEGA","Pais":"USA","Estado":1},{"Id":5,"Nombre":"CAPCOM","Pais":"JPN","Estado":1},{"Id":6,"Nombre":"UBISOFT","Pais":"USA","Estado":1},{"Id":7,"Nombre":"Insomniac Games","Pais":"USA","Estado":1},{"Id":8,"Nombre":"Warner Bros Games","Pais":"USA","Estado":1},{"Id":9,"Nombre":"Sony Interactive Games","Pais":"JPN","Estado":1},{"Id":10,"Nombre":"THQ","Pais":"AUT","Estado":1},{"Id":11,"Nombre":"Blizzard Entertaiment","Pais":"USA","Estado":1},{"Id":12,"Nombre":"Telltale Games","Pais":"USA","Estado":1},{"Id":13,"Nombre":"SquareEnix","Pais":"JPN","Estado":1},{"Id":14,"Nombre":"Nintendo","Pais":"JPN","Estado":1},{"Id":15,"Nombre":"Machine Zone","Pais":"USA","Estado":1},{"Id":16,"Nombre":"EIDOS Interactive Ltd.","Pais":"UK","Estado":1},{"Id":17,"Nombre":"Bethesda Softwork","Pais":"CHN","Estado":1},{"Id":18,"Nombre":"Konami","Pais":"JPN","Estado":1},{"Id":19,"Nombre":"Santa Monica Studio","Pais":"USA","Estado":1}],"TotalPages":0}]
2023-10-30 01:44:10.333 -05:00 [INF] Executing OkObjectResult, writing value of type 'GamerSellStore.Dtos.ResponseBase.BaseResponseLista`1[[GamerSellStore.Dtos.Response.PublisherSearchDtoResponse, GamerSellStore.Dtos, Version=1.0.0.0, Culture=neutral, PublicKeyToken=null]]'.
2023-10-30 01:44:10.333 -05:00 [INF] Executed action GamerSellStore.Api.Controllers.PublisherController.ListarAsync (GamerSellStore.Api) in 6.5089ms
2023-10-30 01:44:10.333 -05:00 [INF] Executed endpoint 'GamerSellStore.Api.Controllers.PublisherController.ListarAsync (GamerSellStore.Api)'
2023-10-30 01:44:10.333 -05:00 [INF] Request finished HTTP/1.1 GET https://localhost:7063/api/Publisher/Listar - - - 200 - application/json;+charset=utf-8 8.5924ms
2023-10-30 15:25:18.761 -05:00 [INF] Executed DbCommand (23ms) [Parameters=[], CommandType='"Text"', CommandTimeout='30']
SELECT 1
2023-10-30 15:25:18.818 -05:00 [INF] Executed DbCommand (21ms) [Parameters=[], CommandType='"Text"', CommandTimeout='30']
SELECT OBJECT_ID(N'[__EFMigrationsHistory]');
2023-10-30 15:25:18.822 -05:00 [INF] Executed DbCommand (1ms) [Parameters=[], CommandType='"Text"', CommandTimeout='30']
SELECT 1
2023-10-30 15:25:18.825 -05:00 [INF] Executed DbCommand (1ms) [Parameters=[], CommandType='"Text"', CommandTimeout='30']
SELECT OBJECT_ID(N'[__EFMigrationsHistory]');
2023-10-30 15:25:18.842 -05:00 [INF] Executed DbCommand (4ms) [Parameters=[], CommandType='"Text"', CommandTimeout='30']
SELECT [MigrationId], [ProductVersion]
FROM [__EFMigrationsHistory]
ORDER BY [MigrationId];
2023-10-30 15:25:18.862 -05:00 [INF] No migrations were applied. The database is already up to date.
2023-10-30 15:25:18.915 -05:00 [INF] User profile is available. Using 'C:\Users\JACKSON\AppData\Local\ASP.NET\DataProtection-Keys' as key repository and Windows DPAPI to encrypt keys at rest.
2023-10-30 15:25:19.121 -05:00 [INF] Executed DbCommand (23ms) [Parameters=[@__normalizedName_0='ADMINISTRATOR' (Size = 256)], CommandType='"Text"', CommandTimeout='30']
SELECT TOP(1) [r].[Id], [r].[ConcurrencyStamp], [r].[Name], [r].[NormalizedName]
FROM [GamerShop].[Rol] AS [r]
WHERE [r].[NormalizedName] = @__normalizedName_0
2023-10-30 15:25:19.156 -05:00 [INF] Executed DbCommand (1ms) [Parameters=[@__normalizedName_0='CUSTOMER' (Size = 256)], CommandType='"Text"', CommandTimeout='30']
SELECT TOP(1) [r].[Id], [r].[ConcurrencyStamp], [r].[Name], [r].[NormalizedName]
FROM [GamerShop].[Rol] AS [r]
WHERE [r].[NormalizedName] = @__normalizedName_0
2023-10-30 15:25:19.277 -05:00 [INF] Executed DbCommand (4ms) [Parameters=[@__normalizedUserName_0='ADMIN@GMAIL.COM' (Size = 256)], CommandType='"Text"', CommandTimeout='30']
SELECT TOP(1) [u].[Id], [u].[AccessFailedCount], [u].[Age], [u].[ConcurrencyStamp], [u].[DocumentNumber], [u].[DocumentType], [u].[Email], [u].[EmailConfirmed], [u].[FirstName], [u].[LastName], [u].[LockoutEnabled], [u].[LockoutEnd], [u].[NormalizedEmail], [u].[NormalizedUserName], [u].[PasswordHash], [u].[PhoneNumber], [u].[PhoneNumberConfirmed], [u].[SecurityStamp], [u].[TwoFactorEnabled], [u].[UserName]
FROM [GamerShop].[Usuario] AS [u]
WHERE [u].[NormalizedUserName] = @__normalizedUserName_0
2023-10-30 15:25:19.326 -05:00 [INF] Executed DbCommand (2ms) [Parameters=[@__normalizedEmail_0='ADMIN@GMAIL.COM' (Size = 256)], CommandType='"Text"', CommandTimeout='30']
SELECT TOP(2) [u].[Id], [u].[AccessFailedCount], [u].[Age], [u].[ConcurrencyStamp], [u].[DocumentNumber], [u].[DocumentType], [u].[Email], [u].[EmailConfirmed], [u].[FirstName], [u].[LastName], [u].[LockoutEnabled], [u].[LockoutEnd], [u].[NormalizedEmail], [u].[NormalizedUserName], [u].[PasswordHash], [u].[PhoneNumber], [u].[PhoneNumberConfirmed], [u].[SecurityStamp], [u].[TwoFactorEnabled], [u].[UserName]
FROM [GamerShop].[Usuario] AS [u]
WHERE [u].[NormalizedEmail] = @__normalizedEmail_0
2023-10-30 15:25:19.488 -05:00 [INF] Now listening on: https://localhost:7063
2023-10-30 15:25:19.490 -05:00 [INF] Now listening on: http://localhost:5022
2023-10-30 15:25:19.495 -05:00 [INF] Application started. Press Ctrl+C to shut down.
2023-10-30 15:25:19.496 -05:00 [INF] Hosting environment: Development
2023-10-30 15:25:19.497 -05:00 [INF] Content root path: C:\Users\JACKSON\source\repos\GamerSellStore\GamerSellStore.Api
2023-10-30 15:25:19.868 -05:00 [INF] Request starting HTTP/2 GET https://localhost:7063/swagger/index.html - -
2023-10-30 15:25:20.130 -05:00 [INF] Request finished HTTP/2 GET https://localhost:7063/swagger/index.html - - - 200 - text/html;charset=utf-8 260.2487ms
2023-10-30 15:25:20.133 -05:00 [INF] Request starting HTTP/2 GET https://localhost:7063/_vs/browserLink - -
2023-10-30 15:25:20.133 -05:00 [INF] Request starting HTTP/2 GET https://localhost:7063/_framework/aspnetcore-browser-refresh.js - -
2023-10-30 15:25:20.146 -05:00 [INF] Request finished HTTP/2 GET https://localhost:7063/_framework/aspnetcore-browser-refresh.js - - - 200 12368 application/javascript;+charset=utf-8 12.7544ms
2023-10-30 15:25:20.155 -05:00 [INF] Request finished HTTP/2 GET https://localhost:7063/_vs/browserLink - - - 200 - text/javascript;+charset=UTF-8 22.1835ms
2023-10-30 15:25:20.205 -05:00 [INF] Request starting HTTP/2 GET https://localhost:7063/swagger/v1/swagger.json - -
2023-10-30 15:25:20.314 -05:00 [INF] Request finished HTTP/2 GET https://localhost:7063/swagger/v1/swagger.json - - - 200 - application/json;charset=utf-8 108.8410ms
2023-10-30 15:25:37.436 -05:00 [INF] Request starting HTTP/1.1 GET https://localhost:7063/api/Publisher/Listar - -
2023-10-30 15:25:37.595 -05:00 [INF] Executing endpoint 'GamerSellStore.Api.Controllers.PublisherController.ListarAsync (GamerSellStore.Api)'
2023-10-30 15:25:37.609 -05:00 [INF] Route matched with {action = "Listar", controller = "Publisher"}. Executing controller action with signature System.Threading.Tasks.Task`1[Microsoft.AspNetCore.Mvc.IActionResult] ListarAsync() on controller GamerSellStore.Api.Controllers.PublisherController (GamerSellStore.Api).
2023-10-30 15:25:37.733 -05:00 [INF] Executed DbCommand (2ms) [Parameters=[], CommandType='"Text"', CommandTimeout='30']
SELECT [p].[Id], [p].[Estado], [p].[Nombre], [p].[Pais]
FROM [GamerShop].[Publisher] AS [p]
2023-10-30 15:25:37.821 -05:00 [INF] RESPONSE:[{"codResp":"00","descResp":"Conforme","Data":[{"Id":1,"Nombre":"Microsoft Game Studios","Pais":"USA","Estado":1},{"Id":2,"Nombre":"RockStar Games","Pais":"USA","Estado":1},{"Id":3,"Nombre":"EA TM","Pais":"USA","Estado":1},{"Id":4,"Nombre":"SEGA","Pais":"USA","Estado":1},{"Id":5,"Nombre":"CAPCOM","Pais":"JPN","Estado":1},{"Id":6,"Nombre":"UBISOFT","Pais":"USA","Estado":1},{"Id":7,"Nombre":"Insomniac Games","Pais":"USA","Estado":1},{"Id":8,"Nombre":"Warner Bros Games","Pais":"USA","Estado":1},{"Id":9,"Nombre":"Sony Interactive Games","Pais":"JPN","Estado":1},{"Id":10,"Nombre":"THQ","Pais":"AUT","Estado":1},{"Id":11,"Nombre":"Blizzard Entertaiment","Pais":"USA","Estado":1},{"Id":12,"Nombre":"Telltale Games","Pais":"USA","Estado":1},{"Id":13,"Nombre":"SquareEnix","Pais":"JPN","Estado":1},{"Id":14,"Nombre":"Nintendo","Pais":"JPN","Estado":1},{"Id":15,"Nombre":"Machine Zone","Pais":"USA","Estado":1},{"Id":16,"Nombre":"EIDOS Interactive Ltd.","Pais":"UK","Estado":1},{"Id":17,"Nombre":"Bethesda Softwork","Pais":"CHN","Estado":1},{"Id":18,"Nombre":"Konami","Pais":"JPN","Estado":1},{"Id":19,"Nombre":"Santa Monica Studio","Pais":"USA","Estado":1}],"TotalPages":0}]
2023-10-30 15:25:37.828 -05:00 [INF] Executing OkObjectResult, writing value of type 'GamerSellStore.Dtos.ResponseBase.BaseResponseLista`1[[GamerSellStore.Dtos.Response.PublisherSearchDtoResponse, GamerSellStore.Dtos, Version=1.0.0.0, Culture=neutral, PublicKeyToken=null]]'.
2023-10-30 15:25:37.835 -05:00 [INF] Executed action GamerSellStore.Api.Controllers.PublisherController.ListarAsync (GamerSellStore.Api) in 223.7679ms
2023-10-30 15:25:37.836 -05:00 [INF] Executed endpoint 'GamerSellStore.Api.Controllers.PublisherController.ListarAsync (GamerSellStore.Api)'
2023-10-30 15:25:37.837 -05:00 [INF] Request finished HTTP/1.1 GET https://localhost:7063/api/Publisher/Listar - - - 200 - application/json;+charset=utf-8 400.7480ms
2023-10-30 15:26:04.807 -05:00 [INF] Request starting HTTP/2 GET https://localhost:7063/api/Publisher/Listar - -
2023-10-30 15:26:04.811 -05:00 [INF] Executing endpoint 'GamerSellStore.Api.Controllers.PublisherController.ListarAsync (GamerSellStore.Api)'
2023-10-30 15:26:04.811 -05:00 [INF] Route matched with {action = "Listar", controller = "Publisher"}. Executing controller action with signature System.Threading.Tasks.Task`1[Microsoft.AspNetCore.Mvc.IActionResult] ListarAsync() on controller GamerSellStore.Api.Controllers.PublisherController (GamerSellStore.Api).
2023-10-30 15:26:04.855 -05:00 [INF] Executed DbCommand (2ms) [Parameters=[], CommandType='"Text"', CommandTimeout='30']
SELECT [p].[Id], [p].[Estado], [p].[Nombre], [p].[Pais]
FROM [GamerShop].[Publisher] AS [p]
2023-10-30 15:26:04.858 -05:00 [INF] RESPONSE:[{"codResp":"00","descResp":"Conforme","Data":[{"Id":1,"Nombre":"Microsoft Game Studios","Pais":"USA","Estado":1},{"Id":2,"Nombre":"RockStar Games","Pais":"USA","Estado":1},{"Id":3,"Nombre":"EA TM","Pais":"USA","Estado":1},{"Id":4,"Nombre":"SEGA","Pais":"USA","Estado":1},{"Id":5,"Nombre":"CAPCOM","Pais":"JPN","Estado":1},{"Id":6,"Nombre":"UBISOFT","Pais":"USA","Estado":1},{"Id":7,"Nombre":"Insomniac Games","Pais":"USA","Estado":1},{"Id":8,"Nombre":"Warner Bros Games","Pais":"USA","Estado":1},{"Id":9,"Nombre":"Sony Interactive Games","Pais":"JPN","Estado":1},{"Id":10,"Nombre":"THQ","Pais":"AUT","Estado":1},{"Id":11,"Nombre":"Blizzard Entertaiment","Pais":"USA","Estado":1},{"Id":12,"Nombre":"Telltale Games","Pais":"USA","Estado":1},{"Id":13,"Nombre":"SquareEnix","Pais":"JPN","Estado":1},{"Id":14,"Nombre":"Nintendo","Pais":"JPN","Estado":1},{"Id":15,"Nombre":"Machine Zone","Pais":"USA","Estado":1},{"Id":16,"Nombre":"EIDOS Interactive Ltd.","Pais":"UK","Estado":1},{"Id":17,"Nombre":"Bethesda Softwork","Pais":"CHN","Estado":1},{"Id":18,"Nombre":"Konami","Pais":"JPN","Estado":1},{"Id":19,"Nombre":"Santa Monica Studio","Pais":"USA","Estado":1}],"TotalPages":0}]
2023-10-30 15:26:04.859 -05:00 [INF] Executing OkObjectResult, writing value of type 'GamerSellStore.Dtos.ResponseBase.BaseResponseLista`1[[GamerSellStore.Dtos.Response.PublisherSearchDtoResponse, GamerSellStore.Dtos, Version=1.0.0.0, Culture=neutral, PublicKeyToken=null]]'.
2023-10-30 15:26:04.859 -05:00 [INF] Executed action GamerSellStore.Api.Controllers.PublisherController.ListarAsync (GamerSellStore.Api) in 47.8984ms
2023-10-30 15:26:04.859 -05:00 [INF] Executed endpoint 'GamerSellStore.Api.Controllers.PublisherController.ListarAsync (GamerSellStore.Api)'
2023-10-30 15:26:04.860 -05:00 [INF] Request finished HTTP/2 GET https://localhost:7063/api/Publisher/Listar - - - 200 - application/json;+charset=utf-8 52.8550ms
2023-10-30 15:26:04.894 -05:00 [INF] Request starting HTTP/2 GET https://localhost:7063/favicon.ico - -
2023-10-30 15:26:04.925 -05:00 [INF] Request finished HTTP/2 GET https://localhost:7063/favicon.ico - - - 404 0 - 31.7388ms
2023-10-30 15:26:16.970 -05:00 [INF] Request starting HTTP/2 GET https://localhost:7063/api/Publisher/Listar - -
2023-10-30 15:26:16.971 -05:00 [INF] Executing endpoint 'GamerSellStore.Api.Controllers.PublisherController.ListarAsync (GamerSellStore.Api)'
2023-10-30 15:26:16.971 -05:00 [INF] Route matched with {action = "Listar", controller = "Publisher"}. Executing controller action with signature System.Threading.Tasks.Task`1[Microsoft.AspNetCore.Mvc.IActionResult] ListarAsync() on controller GamerSellStore.Api.Controllers.PublisherController (GamerSellStore.Api).
2023-10-30 15:26:16.975 -05:00 [INF] Executed DbCommand (1ms) [Parameters=[], CommandType='"Text"', CommandTimeout='30']
SELECT [p].[Id], [p].[Estado], [p].[Nombre], [p].[Pais]
FROM [GamerShop].[Publisher] AS [p]
2023-10-30 15:26:16.977 -05:00 [INF] RESPONSE:[{"codResp":"00","descResp":"Conforme","Data":[{"Id":1,"Nombre":"Microsoft Game Studios","Pais":"USA","Estado":1},{"Id":2,"Nombre":"RockStar Games","Pais":"USA","Estado":1},{"Id":3,"Nombre":"EA TM","Pais":"USA","Estado":1},{"Id":4,"Nombre":"SEGA","Pais":"USA","Estado":1},{"Id":5,"Nombre":"CAPCOM","Pais":"JPN","Estado":1},{"Id":6,"Nombre":"UBISOFT","Pais":"USA","Estado":1},{"Id":7,"Nombre":"Insomniac Games","Pais":"USA","Estado":1},{"Id":8,"Nombre":"Warner Bros Games","Pais":"USA","Estado":1},{"Id":9,"Nombre":"Sony Interactive Games","Pais":"JPN","Estado":1},{"Id":10,"Nombre":"THQ","Pais":"AUT","Estado":1},{"Id":11,"Nombre":"Blizzard Entertaiment","Pais":"USA","Estado":1},{"Id":12,"Nombre":"Telltale Games","Pais":"USA","Estado":1},{"Id":13,"Nombre":"SquareEnix","Pais":"JPN","Estado":1},{"Id":14,"Nombre":"Nintendo","Pais":"JPN","Estado":1},{"Id":15,"Nombre":"Machine Zone","Pais":"USA","Estado":1},{"Id":16,"Nombre":"EIDOS Interactive Ltd.","Pais":"UK","Estado":1},{"Id":17,"Nombre":"Bethesda Softwork","Pais":"CHN","Estado":1},{"Id":18,"Nombre":"Konami","Pais":"JPN","Estado":1},{"Id":19,"Nombre":"Santa Monica Studio","Pais":"USA","Estado":1}],"TotalPages":0}]
2023-10-30 15:26:16.977 -05:00 [INF] Executing OkObjectResult, writing value of type 'GamerSellStore.Dtos.ResponseBase.BaseResponseLista`1[[GamerSellStore.Dtos.Response.PublisherSearchDtoResponse, GamerSellStore.Dtos, Version=1.0.0.0, Culture=neutral, PublicKeyToken=null]]'.
2023-10-30 15:26:16.977 -05:00 [INF] Executed action GamerSellStore.Api.Controllers.PublisherController.ListarAsync (GamerSellStore.Api) in 6.7763ms
2023-10-30 15:26:16.978 -05:00 [INF] Executed endpoint 'GamerSellStore.Api.Controllers.PublisherController.ListarAsync (GamerSellStore.Api)'
2023-10-30 15:26:16.978 -05:00 [INF] Request finished HTTP/2 GET https://localhost:7063/api/Publisher/Listar - - - 200 - application/json;+charset=utf-8 7.8306ms
2023-10-30 15:26:54.802 -05:00 [INF] Request starting HTTP/2 GET https://localhost:7063/api/Publisher/Listar - -
2023-10-30 15:26:54.803 -05:00 [INF] Executing endpoint 'GamerSellStore.Api.Controllers.PublisherController.ListarAsync (GamerSellStore.Api)'
2023-10-30 15:26:54.803 -05:00 [INF] Route matched with {action = "Listar", controller = "Publisher"}. Executing controller action with signature System.Threading.Tasks.Task`1[Microsoft.AspNetCore.Mvc.IActionResult] ListarAsync() on controller GamerSellStore.Api.Controllers.PublisherController (GamerSellStore.Api).
2023-10-30 15:26:54.808 -05:00 [INF] Executed DbCommand (2ms) [Parameters=[], CommandType='"Text"', CommandTimeout='30']
SELECT [p].[Id], [p].[Estado], [p].[Nombre], [p].[Pais]
FROM [GamerShop].[Publisher] AS [p]
2023-10-30 15:26:54.810 -05:00 [INF] RESPONSE:[{"codResp":"00","descResp":"Conforme","Data":[{"Id":1,"Nombre":"Microsoft Game Studios","Pais":"USA","Estado":1},{"Id":2,"Nombre":"RockStar Games","Pais":"USA","Estado":1},{"Id":3,"Nombre":"EA TM","Pais":"USA","Estado":1},{"Id":4,"Nombre":"SEGA","Pais":"USA","Estado":1},{"Id":5,"Nombre":"CAPCOM","Pais":"JPN","Estado":1},{"Id":6,"Nombre":"UBISOFT","Pais":"USA","Estado":1},{"Id":7,"Nombre":"Insomniac Games","Pais":"USA","Estado":1},{"Id":8,"Nombre":"Warner Bros Games","Pais":"USA","Estado":1},{"Id":9,"Nombre":"Sony Interactive Games","Pais":"JPN","Estado":1},{"Id":10,"Nombre":"THQ","Pais":"AUT","Estado":1},{"Id":11,"Nombre":"Blizzard Entertaiment","Pais":"USA","Estado":1},{"Id":12,"Nombre":"Telltale Games","Pais":"USA","Estado":1},{"Id":13,"Nombre":"SquareEnix","Pais":"JPN","Estado":1},{"Id":14,"Nombre":"Nintendo","Pais":"JPN","Estado":1},{"Id":15,"Nombre":"Machine Zone","Pais":"USA","Estado":1},{"Id":16,"Nombre":"EIDOS Interactive Ltd.","Pais":"UK","Estado":1},{"Id":17,"Nombre":"Bethesda Softwork","Pais":"CHN","Estado":1},{"Id":18,"Nombre":"Konami","Pais":"JPN","Estado":1},{"Id":19,"Nombre":"Santa Monica Studio","Pais":"USA","Estado":1}],"TotalPages":0}]
2023-10-30 15:26:54.810 -05:00 [INF] Executing OkObjectResult, writing value of type 'GamerSellStore.Dtos.ResponseBase.BaseResponseLista`1[[GamerSellStore.Dtos.Response.PublisherSearchDtoResponse, GamerSellStore.Dtos, Version=1.0.0.0, Culture=neutral, PublicKeyToken=null]]'.
2023-10-30 15:26:54.810 -05:00 [INF] Executed action GamerSellStore.Api.Controllers.PublisherController.ListarAsync (GamerSellStore.Api) in 6.9588ms
2023-10-30 15:26:54.810 -05:00 [INF] Executed endpoint 'GamerSellStore.Api.Controllers.PublisherController.ListarAsync (GamerSellStore.Api)'
2023-10-30 15:26:54.810 -05:00 [INF] Request finished HTTP/2 GET https://localhost:7063/api/Publisher/Listar - - - 200 - application/json;+charset=utf-8 8.1377ms
2023-10-30 15:27:17.226 -05:00 [INF] Request starting HTTP/2 GET https://localhost:7063/api/Publisher/Listar - -
2023-10-30 15:27:17.228 -05:00 [INF] Executing endpoint 'GamerSellStore.Api.Controllers.PublisherController.ListarAsync (GamerSellStore.Api)'
2023-10-30 15:27:17.230 -05:00 [INF] Route matched with {action = "Listar", controller = "Publisher"}. Executing controller action with signature System.Threading.Tasks.Task`1[Microsoft.AspNetCore.Mvc.IActionResult] ListarAsync() on controller GamerSellStore.Api.Controllers.PublisherController (GamerSellStore.Api).
2023-10-30 15:27:17.233 -05:00 [INF] Executed DbCommand (1ms) [Parameters=[], CommandType='"Text"', CommandTimeout='30']
SELECT [p].[Id], [p].[Estado], [p].[Nombre], [p].[Pais]
FROM [GamerShop].[Publisher] AS [p]
2023-10-30 15:27:17.235 -05:00 [INF] RESPONSE:[{"codResp":"00","descResp":"Conforme","Data":[{"Id":1,"Nombre":"Microsoft Game Studios","Pais":"USA","Estado":1},{"Id":2,"Nombre":"RockStar Games","Pais":"USA","Estado":1},{"Id":3,"Nombre":"EA TM","Pais":"USA","Estado":1},{"Id":4,"Nombre":"SEGA","Pais":"USA","Estado":1},{"Id":5,"Nombre":"CAPCOM","Pais":"JPN","Estado":1},{"Id":6,"Nombre":"UBISOFT","Pais":"USA","Estado":1},{"Id":7,"Nombre":"Insomniac Games","Pais":"USA","Estado":1},{"Id":8,"Nombre":"Warner Bros Games","Pais":"USA","Estado":1},{"Id":9,"Nombre":"Sony Interactive Games","Pais":"JPN","Estado":1},{"Id":10,"Nombre":"THQ","Pais":"AUT","Estado":1},{"Id":11,"Nombre":"Blizzard Entertaiment","Pais":"USA","Estado":1},{"Id":12,"Nombre":"Telltale Games","Pais":"USA","Estado":1},{"Id":13,"Nombre":"SquareEnix","Pais":"JPN","Estado":1},{"Id":14,"Nombre":"Nintendo","Pais":"JPN","Estado":1},{"Id":15,"Nombre":"Machine Zone","Pais":"USA","Estado":1},{"Id":16,"Nombre":"EIDOS Interactive Ltd.","Pais":"UK","Estado":1},{"Id":17,"Nombre":"Bethesda Softwork","Pais":"CHN","Estado":1},{"Id":18,"Nombre":"Konami","Pais":"JPN","Estado":1},{"Id":19,"Nombre":"Santa Monica Studio","Pais":"USA","Estado":1}],"TotalPages":0}]
2023-10-30 15:27:17.236 -05:00 [INF] Executing OkObjectResult, writing value of type 'GamerSellStore.Dtos.ResponseBase.BaseResponseLista`1[[GamerSellStore.Dtos.Response.PublisherSearchDtoResponse, GamerSellStore.Dtos, Version=1.0.0.0, Culture=neutral, PublicKeyToken=null]]'.
2023-10-30 15:27:17.236 -05:00 [INF] Executed action GamerSellStore.Api.Controllers.PublisherController.ListarAsync (GamerSellStore.Api) in 5.9664ms
2023-10-30 15:27:17.236 -05:00 [INF] Executed endpoint 'GamerSellStore.Api.Controllers.PublisherController.ListarAsync (GamerSellStore.Api)'
2023-10-30 15:27:17.236 -05:00 [INF] Request finished HTTP/2 GET https://localhost:7063/api/Publisher/Listar - - - 200 - application/json;+charset=utf-8 10.3255ms
2023-10-30 15:28:37.873 -05:00 [INF] Request starting HTTP/2 GET https://localhost:7063/api/Publisher/Listar - -
2023-10-30 15:28:37.879 -05:00 [INF] Executing endpoint 'GamerSellStore.Api.Controllers.PublisherController.ListarAsync (GamerSellStore.Api)'
2023-10-30 15:28:37.879 -05:00 [INF] Route matched with {action = "Listar", controller = "Publisher"}. Executing controller action with signature System.Threading.Tasks.Task`1[Microsoft.AspNetCore.Mvc.IActionResult] ListarAsync() on controller GamerSellStore.Api.Controllers.PublisherController (GamerSellStore.Api).
2023-10-30 15:28:37.883 -05:00 [INF] Executed DbCommand (2ms) [Parameters=[], CommandType='"Text"', CommandTimeout='30']
SELECT [p].[Id], [p].[Estado], [p].[Nombre], [p].[Pais]
FROM [GamerShop].[Publisher] AS [p]
2023-10-30 15:28:37.885 -05:00 [INF] RESPONSE:[{"codResp":"00","descResp":"Conforme","Data":[{"Id":1,"Nombre":"Microsoft Game Studios","Pais":"USA","Estado":1},{"Id":2,"Nombre":"RockStar Games","Pais":"USA","Estado":1},{"Id":3,"Nombre":"EA TM","Pais":"USA","Estado":1},{"Id":4,"Nombre":"SEGA","Pais":"USA","Estado":1},{"Id":5,"Nombre":"CAPCOM","Pais":"JPN","Estado":1},{"Id":6,"Nombre":"UBISOFT","Pais":"USA","Estado":1},{"Id":7,"Nombre":"Insomniac Games","Pais":"USA","Estado":1},{"Id":8,"Nombre":"Warner Bros Games","Pais":"USA","Estado":1},{"Id":9,"Nombre":"Sony Interactive Games","Pais":"JPN","Estado":1},{"Id":10,"Nombre":"THQ","Pais":"AUT","Estado":1},{"Id":11,"Nombre":"Blizzard Entertaiment","Pais":"USA","Estado":1},{"Id":12,"Nombre":"Telltale Games","Pais":"USA","Estado":1},{"Id":13,"Nombre":"SquareEnix","Pais":"JPN","Estado":1},{"Id":14,"Nombre":"Nintendo","Pais":"JPN","Estado":1},{"Id":15,"Nombre":"Machine Zone","Pais":"USA","Estado":1},{"Id":16,"Nombre":"EIDOS Interactive Ltd.","Pais":"UK","Estado":1},{"Id":17,"Nombre":"Bethesda Softwork","Pais":"CHN","Estado":1},{"Id":18,"Nombre":"Konami","Pais":"JPN","Estado":1},{"Id":19,"Nombre":"Santa Monica Studio","Pais":"USA","Estado":1}],"TotalPages":0}]
2023-10-30 15:28:37.885 -05:00 [INF] Executing OkObjectResult, writing value of type 'GamerSellStore.Dtos.ResponseBase.BaseResponseLista`1[[GamerSellStore.Dtos.Response.PublisherSearchDtoResponse, GamerSellStore.Dtos, Version=1.0.0.0, Culture=neutral, PublicKeyToken=null]]'.
2023-10-30 15:28:37.886 -05:00 [INF] Executed action GamerSellStore.Api.Controllers.PublisherController.ListarAsync (GamerSellStore.Api) in 6.4152ms
2023-10-30 15:28:37.886 -05:00 [INF] Executed endpoint 'GamerSellStore.Api.Controllers.PublisherController.ListarAsync (GamerSellStore.Api)'
2023-10-30 15:28:37.886 -05:00 [INF] Request finished HTTP/2 GET https://localhost:7063/api/Publisher/Listar - - - 200 - application/json;+charset=utf-8 12.6983ms
2023-10-30 15:29:11.704 -05:00 [INF] Request starting HTTP/2 GET https://localhost:7063/api/Publisher/Listar - -
2023-10-30 15:29:11.708 -05:00 [INF] Executing endpoint 'GamerSellStore.Api.Controllers.PublisherController.ListarAsync (GamerSellStore.Api)'
2023-10-30 15:29:11.708 -05:00 [INF] Route matched with {action = "Listar", controller = "Publisher"}. Executing controller action with signature System.Threading.Tasks.Task`1[Microsoft.AspNetCore.Mvc.IActionResult] ListarAsync() on controller GamerSellStore.Api.Controllers.PublisherController (GamerSellStore.Api).
2023-10-30 15:29:11.713 -05:00 [INF] Executed DbCommand (2ms) [Parameters=[], CommandType='"Text"', CommandTimeout='30']
SELECT [p].[Id], [p].[Estado], [p].[Nombre], [p].[Pais]
FROM [GamerShop].[Publisher] AS [p]
2023-10-30 15:29:11.714 -05:00 [INF] RESPONSE:[{"codResp":"00","descResp":"Conforme","Data":[{"Id":1,"Nombre":"Microsoft Game Studios","Pais":"USA","Estado":1},{"Id":2,"Nombre":"RockStar Games","Pais":"USA","Estado":1},{"Id":3,"Nombre":"EA TM","Pais":"USA","Estado":1},{"Id":4,"Nombre":"SEGA","Pais":"USA","Estado":1},{"Id":5,"Nombre":"CAPCOM","Pais":"JPN","Estado":1},{"Id":6,"Nombre":"UBISOFT","Pais":"USA","Estado":1},{"Id":7,"Nombre":"Insomniac Games","Pais":"USA","Estado":1},{"Id":8,"Nombre":"Warner Bros Games","Pais":"USA","Estado":1},{"Id":9,"Nombre":"Sony Interactive Games","Pais":"JPN","Estado":1},{"Id":10,"Nombre":"THQ","Pais":"AUT","Estado":1},{"Id":11,"Nombre":"Blizzard Entertaiment","Pais":"USA","Estado":1},{"Id":12,"Nombre":"Telltale Games","Pais":"USA","Estado":1},{"Id":13,"Nombre":"SquareEnix","Pais":"JPN","Estado":1},{"Id":14,"Nombre":"Nintendo","Pais":"JPN","Estado":1},{"Id":15,"Nombre":"Machine Zone","Pais":"USA","Estado":1},{"Id":16,"Nombre":"EIDOS Interactive Ltd.","Pais":"UK","Estado":1},{"Id":17,"Nombre":"Bethesda Softwork","Pais":"CHN","Estado":1},{"Id":18,"Nombre":"Konami","Pais":"JPN","Estado":1},{"Id":19,"Nombre":"Santa Monica Studio","Pais":"USA","Estado":1}],"TotalPages":0}]
2023-10-30 15:29:11.715 -05:00 [INF] Executing OkObjectResult, writing value of type 'GamerSellStore.Dtos.ResponseBase.BaseResponseLista`1[[GamerSellStore.Dtos.Response.PublisherSearchDtoResponse, GamerSellStore.Dtos, Version=1.0.0.0, Culture=neutral, PublicKeyToken=null]]'.
2023-10-30 15:29:11.715 -05:00 [INF] Executed action GamerSellStore.Api.Controllers.PublisherController.ListarAsync (GamerSellStore.Api) in 6.2322ms
2023-10-30 15:29:11.715 -05:00 [INF] Executed endpoint 'GamerSellStore.Api.Controllers.PublisherController.ListarAsync (GamerSellStore.Api)'
2023-10-30 15:29:11.715 -05:00 [INF] Request finished HTTP/2 GET https://localhost:7063/api/Publisher/Listar - - - 200 - application/json;+charset=utf-8 10.9258ms
2023-10-30 23:43:51.323 -05:00 [INF] Executed DbCommand (156ms) [Parameters=[], CommandType='"Text"', CommandTimeout='60']
CREATE DATABASE [BD_GAMER];
2023-10-30 23:43:51.395 -05:00 [INF] Executed DbCommand (51ms) [Parameters=[], CommandType='"Text"', CommandTimeout='60']
IF SERVERPROPERTY('EngineEdition') <> 5
BEGIN
    ALTER DATABASE [BD_GAMER] SET READ_COMMITTED_SNAPSHOT ON;
END;
2023-10-30 23:43:51.416 -05:00 [INF] Executed DbCommand (5ms) [Parameters=[], CommandType='"Text"', CommandTimeout='30']
SELECT 1
2023-10-30 23:43:51.456 -05:00 [INF] Executed DbCommand (4ms) [Parameters=[], CommandType='"Text"', CommandTimeout='30']
CREATE TABLE [__EFMigrationsHistory] (
    [MigrationId] nvarchar(150) NOT NULL,
    [ProductVersion] nvarchar(32) NOT NULL,
    CONSTRAINT [PK___EFMigrationsHistory] PRIMARY KEY ([MigrationId])
);
2023-10-30 23:43:51.459 -05:00 [INF] Executed DbCommand (0ms) [Parameters=[], CommandType='"Text"', CommandTimeout='30']
SELECT 1
2023-10-30 23:43:51.478 -05:00 [INF] Executed DbCommand (14ms) [Parameters=[], CommandType='"Text"', CommandTimeout='30']
SELECT OBJECT_ID(N'[__EFMigrationsHistory]');
2023-10-30 23:43:51.485 -05:00 [INF] Executed DbCommand (2ms) [Parameters=[], CommandType='"Text"', CommandTimeout='30']
SELECT [MigrationId], [ProductVersion]
FROM [__EFMigrationsHistory]
ORDER BY [MigrationId];
2023-10-30 23:43:51.502 -05:00 [INF] Applying migration '20231029050823_Migracion001'.
2023-10-30 23:43:51.592 -05:00 [INF] Executed DbCommand (2ms) [Parameters=[], CommandType='"Text"', CommandTimeout='30']
IF SCHEMA_ID(N'GamerShop') IS NULL EXEC(N'CREATE SCHEMA [GamerShop];');
2023-10-30 23:43:51.595 -05:00 [INF] Executed DbCommand (1ms) [Parameters=[], CommandType='"Text"', CommandTimeout='30']
CREATE TABLE [GamerShop].[Clasificacion] (
    [Id] int NOT NULL IDENTITY,
    [Nombre] nvarchar(5) NOT NULL,
    [Estado] bit NOT NULL,
    CONSTRAINT [PK_Clasificacion] PRIMARY KEY ([Id])
);
2023-10-30 23:43:51.596 -05:00 [INF] Executed DbCommand (1ms) [Parameters=[], CommandType='"Text"', CommandTimeout='30']
CREATE TABLE [GamerShop].[Cliente] (
    [Id] int NOT NULL IDENTITY,
    [Correo] varchar(200) NOT NULL,
    [Usuario] nvarchar(50) NOT NULL,
    [Sexo] nvarchar(1) NOT NULL,
    [Nombre] nvarchar(200) NOT NULL,
    [Pais] nvarchar(50) NOT NULL,
    [Estado] bit NOT NULL,
    CONSTRAINT [PK_Cliente] PRIMARY KEY ([Id])
);
2023-10-30 23:43:51.599 -05:00 [INF] Executed DbCommand (1ms) [Parameters=[], CommandType='"Text"', CommandTimeout='30']
CREATE TABLE [GamerShop].[Consola] (
    [Id] int NOT NULL IDENTITY,
    [Nombre] nvarchar(200) NOT NULL,
    [Estado] bit NOT NULL,
    CONSTRAINT [PK_Consola] PRIMARY KEY ([Id])
);
2023-10-30 23:43:51.601 -05:00 [INF] Executed DbCommand (1ms) [Parameters=[], CommandType='"Text"', CommandTimeout='30']
CREATE TABLE [GamerShop].[Genero] (
    [Id] int NOT NULL IDENTITY,
    [Nombre] nvarchar(100) NOT NULL,
    [Estado] bit NOT NULL,
    CONSTRAINT [PK_Genero] PRIMARY KEY ([Id])
);
2023-10-30 23:43:51.603 -05:00 [INF] Executed DbCommand (1ms) [Parameters=[], CommandType='"Text"', CommandTimeout='30']
CREATE TABLE [GamerShop].[Publisher] (
    [Id] int NOT NULL IDENTITY,
    [Nombre] nvarchar(100) NOT NULL,
    [Pais] nvarchar(35) NOT NULL,
    [Estado] bit NOT NULL,
    CONSTRAINT [PK_Publisher] PRIMARY KEY ([Id])
);
2023-10-30 23:43:51.604 -05:00 [INF] Executed DbCommand (1ms) [Parameters=[], CommandType='"Text"', CommandTimeout='30']
CREATE TABLE [GamerShop].[Rol] (
    [Id] nvarchar(450) NOT NULL,
    [Name] nvarchar(256) NULL,
    [NormalizedName] nvarchar(256) NULL,
    [ConcurrencyStamp] nvarchar(max) NULL,
    CONSTRAINT [PK_Rol] PRIMARY KEY ([Id])
);
2023-10-30 23:43:51.607 -05:00 [INF] Executed DbCommand (1ms) [Parameters=[], CommandType='"Text"', CommandTimeout='30']
CREATE TABLE [GamerShop].[Usuario] (
    [Id] nvarchar(450) NOT NULL,
    [FirstName] nvarchar(100) NOT NULL,
    [LastName] nvarchar(100) NOT NULL,
    [DocumentType] smallint NOT NULL,
    [Age] int NOT NULL,
    [DocumentNumber] nvarchar(20) NOT NULL,
    [UserName] nvarchar(256) NULL,
    [NormalizedUserName] nvarchar(256) NULL,
    [Email] nvarchar(256) NULL,
    [NormalizedEmail] nvarchar(256) NULL,
    [EmailConfirmed] bit NOT NULL,
    [PasswordHash] nvarchar(max) NULL,
    [SecurityStamp] nvarchar(max) NULL,
    [ConcurrencyStamp] nvarchar(max) NULL,
    [PhoneNumber] nvarchar(max) NULL,
    [PhoneNumberConfirmed] bit NOT NULL,
    [TwoFactorEnabled] bit NOT NULL,
    [LockoutEnd] datetimeoffset NULL,
    [LockoutEnabled] bit NOT NULL,
    [AccessFailedCount] int NOT NULL,
    CONSTRAINT [PK_Usuario] PRIMARY KEY ([Id])
);
2023-10-30 23:43:51.610 -05:00 [INF] Executed DbCommand (2ms) [Parameters=[], CommandType='"Text"', CommandTimeout='30']
CREATE TABLE [GamerShop].[Titulo] (
    [Id] int NOT NULL IDENTITY,
    [Nombre] nvarchar(200) NOT NULL,
    [Descripcion] nvarchar(200) NOT NULL,
    [PublisherId] int NOT NULL,
    [GeneroId] int NOT NULL,
    [ConsolaId] int NOT NULL,
    [ClasificacionId] int NOT NULL,
    [Costo] float NOT NULL,
    [Moneda] nvarchar(max) NOT NULL,
    [Stock] int NOT NULL,
    [Agotado] int NOT NULL,
    [ImageUrl] varchar(500) NULL,
    [AnioPublicacion] int NOT NULL,
    [Estado] bit NOT NULL,
    CONSTRAINT [PK_Titulo] PRIMARY KEY ([Id]),
    CONSTRAINT [FK_Titulo_Clasificacion_ClasificacionId] FOREIGN KEY ([ClasificacionId]) REFERENCES [GamerShop].[Clasificacion] ([Id]) ON DELETE CASCADE,
    CONSTRAINT [FK_Titulo_Consola_ConsolaId] FOREIGN KEY ([ConsolaId]) REFERENCES [GamerShop].[Consola] ([Id]) ON DELETE CASCADE,
    CONSTRAINT [FK_Titulo_Genero_GeneroId] FOREIGN KEY ([GeneroId]) REFERENCES [GamerShop].[Genero] ([Id]) ON DELETE CASCADE,
    CONSTRAINT [FK_Titulo_Publisher_PublisherId] FOREIGN KEY ([PublisherId]) REFERENCES [GamerShop].[Publisher] ([Id]) ON DELETE CASCADE
);
2023-10-30 23:43:51.612 -05:00 [INF] Executed DbCommand (1ms) [Parameters=[], CommandType='"Text"', CommandTimeout='30']
CREATE TABLE [GamerShop].[AspNetRoleClaims] (
    [Id] int NOT NULL IDENTITY,
    [RoleId] nvarchar(450) NOT NULL,
    [ClaimType] nvarchar(max) NULL,
    [ClaimValue] nvarchar(max) NULL,
    CONSTRAINT [PK_AspNetRoleClaims] PRIMARY KEY ([Id]),
    CONSTRAINT [FK_AspNetRoleClaims_Rol_RoleId] FOREIGN KEY ([RoleId]) REFERENCES [GamerShop].[Rol] ([Id]) ON DELETE CASCADE
);
2023-10-30 23:43:51.614 -05:00 [INF] Executed DbCommand (1ms) [Parameters=[], CommandType='"Text"', CommandTimeout='30']
CREATE TABLE [GamerShop].[AspNetUserClaims] (
    [Id] int NOT NULL IDENTITY,
    [UserId] nvarchar(450) NOT NULL,
    [ClaimType] nvarchar(max) NULL,
    [ClaimValue] nvarchar(max) NULL,
    CONSTRAINT [PK_AspNetUserClaims] PRIMARY KEY ([Id]),
    CONSTRAINT [FK_AspNetUserClaims_Usuario_UserId] FOREIGN KEY ([UserId]) REFERENCES [GamerShop].[Usuario] ([Id]) ON DELETE CASCADE
);
2023-10-30 23:43:51.617 -05:00 [INF] Executed DbCommand (2ms) [Parameters=[], CommandType='"Text"', CommandTimeout='30']
CREATE TABLE [GamerShop].[AspNetUserLogins] (
    [LoginProvider] nvarchar(450) NOT NULL,
    [ProviderKey] nvarchar(450) NOT NULL,
    [ProviderDisplayName] nvarchar(max) NULL,
    [UserId] nvarchar(450) NOT NULL,
    CONSTRAINT [PK_AspNetUserLogins] PRIMARY KEY ([LoginProvider], [ProviderKey]),
    CONSTRAINT [FK_AspNetUserLogins_Usuario_UserId] FOREIGN KEY ([UserId]) REFERENCES [GamerShop].[Usuario] ([Id]) ON DELETE CASCADE
);
2023-10-30 23:43:51.620 -05:00 [INF] Executed DbCommand (1ms) [Parameters=[], CommandType='"Text"', CommandTimeout='30']
CREATE TABLE [GamerShop].[AspNetUserTokens] (
    [UserId] nvarchar(450) NOT NULL,
    [LoginProvider] nvarchar(450) NOT NULL,
    [Name] nvarchar(450) NOT NULL,
    [Value] nvarchar(max) NULL,
    CONSTRAINT [PK_AspNetUserTokens] PRIMARY KEY ([UserId], [LoginProvider], [Name]),
    CONSTRAINT [FK_AspNetUserTokens_Usuario_UserId] FOREIGN KEY ([UserId]) REFERENCES [GamerShop].[Usuario] ([Id]) ON DELETE CASCADE
);
2023-10-30 23:43:51.622 -05:00 [INF] Executed DbCommand (1ms) [Parameters=[], CommandType='"Text"', CommandTimeout='30']
CREATE TABLE [GamerShop].[UsuarioRol] (
    [UserId] nvarchar(450) NOT NULL,
    [RoleId] nvarchar(450) NOT NULL,
    CONSTRAINT [PK_UsuarioRol] PRIMARY KEY ([UserId], [RoleId]),
    CONSTRAINT [FK_UsuarioRol_Rol_RoleId] FOREIGN KEY ([RoleId]) REFERENCES [GamerShop].[Rol] ([Id]) ON DELETE CASCADE,
    CONSTRAINT [FK_UsuarioRol_Usuario_UserId] FOREIGN KEY ([UserId]) REFERENCES [GamerShop].[Usuario] ([Id]) ON DELETE CASCADE
);
2023-10-30 23:43:51.649 -05:00 [INF] Executed DbCommand (1ms) [Parameters=[], CommandType='"Text"', CommandTimeout='30']
CREATE TABLE [GamerShop].[Evaluacion] (
    [Id] int NOT NULL IDENTITY,
    [Fecha] datetime NOT NULL DEFAULT (GETDATE()),
    [TituloId] int NOT NULL,
    [ClienteId] int NOT NULL,
    [Calificacion] int NOT NULL,
    [Resenia] nvarchar(500) NOT NULL,
    [Estado] bit NOT NULL,
    CONSTRAINT [PK_Evaluacion] PRIMARY KEY ([Id]),
    CONSTRAINT [FK_Evaluacion_Cliente_ClienteId] FOREIGN KEY ([ClienteId]) REFERENCES [GamerShop].[Cliente] ([Id]) ON DELETE CASCADE,
    CONSTRAINT [FK_Evaluacion_Titulo_TituloId] FOREIGN KEY ([TituloId]) REFERENCES [GamerShop].[Titulo] ([Id]) ON DELETE CASCADE
);
2023-10-30 23:43:51.652 -05:00 [INF] Executed DbCommand (2ms) [Parameters=[], CommandType='"Text"', CommandTimeout='30']
CREATE TABLE [GamerShop].[Reserva] (
    [Id] int NOT NULL IDENTITY,
    [NroTxn] varchar(20) NOT NULL,
    [FechaTxn] datetime NOT NULL DEFAULT (GETDATE()),
    [TituloId] int NOT NULL,
    [ClienteId] int NOT NULL,
    [Cantidad] int NOT NULL,
    [PrecioUnitario] float NOT NULL,
    [ImporteTotal] float NOT NULL,
    [Moneda] nvarchar(max) NOT NULL,
    [Estado] bit NOT NULL,
    CONSTRAINT [PK_Reserva] PRIMARY KEY ([Id]),
    CONSTRAINT [FK_Reserva_Cliente_ClienteId] FOREIGN KEY ([ClienteId]) REFERENCES [GamerShop].[Cliente] ([Id]) ON DELETE CASCADE,
    CONSTRAINT [FK_Reserva_Titulo_TituloId] FOREIGN KEY ([TituloId]) REFERENCES [GamerShop].[Titulo] ([Id]) ON DELETE CASCADE
);
2023-10-30 23:43:51.678 -05:00 [INF] Executed DbCommand (24ms) [Parameters=[], CommandType='"Text"', CommandTimeout='30']
IF EXISTS (SELECT * FROM [sys].[identity_columns] WHERE [name] IN (N'Id', N'Estado', N'Nombre') AND [object_id] = OBJECT_ID(N'[GamerShop].[Clasificacion]'))
    SET IDENTITY_INSERT [GamerShop].[Clasificacion] ON;
INSERT INTO [GamerShop].[Clasificacion] ([Id], [Estado], [Nombre])
VALUES (1, CAST(1 AS bit), N'E'),
(2, CAST(1 AS bit), N'E10+'),
(3, CAST(1 AS bit), N'T'),
(4, CAST(1 AS bit), N'M'),
(5, CAST(1 AS bit), N'AO'),
(6, CAST(1 AS bit), N'RP');
IF EXISTS (SELECT * FROM [sys].[identity_columns] WHERE [name] IN (N'Id', N'Estado', N'Nombre') AND [object_id] = OBJECT_ID(N'[GamerShop].[Clasificacion]'))
    SET IDENTITY_INSERT [GamerShop].[Clasificacion] OFF;
2023-10-30 23:43:51.690 -05:00 [INF] Executed DbCommand (10ms) [Parameters=[], CommandType='"Text"', CommandTimeout='30']
IF EXISTS (SELECT * FROM [sys].[identity_columns] WHERE [name] IN (N'Id', N'Correo', N'Estado', N'Nombre', N'Pais', N'Sexo', N'Usuario') AND [object_id] = OBJECT_ID(N'[GamerShop].[Cliente]'))
    SET IDENTITY_INSERT [GamerShop].[Cliente] ON;
INSERT INTO [GamerShop].[Cliente] ([Id], [Correo], [Estado], [Nombre], [Pais], [Sexo], [Usuario])
VALUES (1, 'jperez@gmail.com', CAST(1 AS bit), N'Juan Perez', N'ECU', N'M', N'jperez'),
(2, 'mpalermo@gmail.com', CAST(1 AS bit), N'Martin Palermo', N'PER', N'M', N'mpalermo'),
(3, 'emartinez@gmail.com', CAST(1 AS bit), N'Eduardo Martinez', N'PER', N'M', N'emartinez'),
(4, 'lquevedo@gmail.com', CAST(1 AS bit), N'Lorena Quevedo', N'BOL', N'F', N'lquevedo'),
(5, 'jiriarte@gmail.com', CAST(1 AS bit), N'Juan Iriarte', N'ARG', N'M', N'jiriarte'),
(6, 'msolano@gmail.com', CAST(1 AS bit), N'Manuela Solano', N'BRA', N'F', N'msolano'),
(7, 'ipedraza@gmail.com', CAST(1 AS bit), N'Iris Pedraza', N'PER', N'F', N'ipedraza'),
(8, 'lbernaechea@gmail.com', CAST(1 AS bit), N'Luz Bernaechea', N'ARG', N'F', N'lbernaechea');
IF EXISTS (SELECT * FROM [sys].[identity_columns] WHERE [name] IN (N'Id', N'Correo', N'Estado', N'Nombre', N'Pais', N'Sexo', N'Usuario') AND [object_id] = OBJECT_ID(N'[GamerShop].[Cliente]'))
    SET IDENTITY_INSERT [GamerShop].[Cliente] OFF;
2023-10-30 23:43:51.700 -05:00 [INF] Executed DbCommand (8ms) [Parameters=[], CommandType='"Text"', CommandTimeout='30']
IF EXISTS (SELECT * FROM [sys].[identity_columns] WHERE [name] IN (N'Id', N'Estado', N'Nombre') AND [object_id] = OBJECT_ID(N'[GamerShop].[Consola]'))
    SET IDENTITY_INSERT [GamerShop].[Consola] ON;
INSERT INTO [GamerShop].[Consola] ([Id], [Estado], [Nombre])
VALUES (1, CAST(1 AS bit), N'ATARI'),
(2, CAST(1 AS bit), N'NES'),
(3, CAST(1 AS bit), N'MAME'),
(4, CAST(1 AS bit), N'GENESIS'),
(5, CAST(1 AS bit), N'SNES'),
(6, CAST(1 AS bit), N'SEGA SATURN'),
(7, CAST(1 AS bit), N'PS1'),
(8, CAST(1 AS bit), N'PS2'),
(9, CAST(1 AS bit), N'PS3'),
(10, CAST(1 AS bit), N'PS4'),
(11, CAST(1 AS bit), N'PS5'),
(12, CAST(1 AS bit), N'PSP'),
(13, CAST(1 AS bit), N'PSVita'),
(14, CAST(1 AS bit), N'Xbox one'),
(15, CAST(1 AS bit), N'Xbox 360'),
(16, CAST(1 AS bit), N'Xbox Series X'),
(17, CAST(1 AS bit), N'PC'),
(18, CAST(1 AS bit), N'Arcade'),
(19, CAST(1 AS bit), N'GBA'),
(20, CAST(1 AS bit), N'GBA Advanced'),
(21, CAST(1 AS bit), N'Nintendo Switch'),
(22, CAST(1 AS bit), N'WII'),
(23, CAST(1 AS bit), N'WIIU');
IF EXISTS (SELECT * FROM [sys].[identity_columns] WHERE [name] IN (N'Id', N'Estado', N'Nombre') AND [object_id] = OBJECT_ID(N'[GamerShop].[Consola]'))
    SET IDENTITY_INSERT [GamerShop].[Consola] OFF;
2023-10-30 23:43:51.708 -05:00 [INF] Executed DbCommand (7ms) [Parameters=[], CommandType='"Text"', CommandTimeout='30']
IF EXISTS (SELECT * FROM [sys].[identity_columns] WHERE [name] IN (N'Id', N'Estado', N'Nombre') AND [object_id] = OBJECT_ID(N'[GamerShop].[Genero]'))
    SET IDENTITY_INSERT [GamerShop].[Genero] ON;
INSERT INTO [GamerShop].[Genero] ([Id], [Estado], [Nombre])
VALUES (1, CAST(1 AS bit), N'Survival Horror'),
(2, CAST(1 AS bit), N'RPG'),
(3, CAST(1 AS bit), N'SCI-FI'),
(4, CAST(1 AS bit), N'Shooter'),
(5, CAST(1 AS bit), N'Aventura'),
(6, CAST(1 AS bit), N'Fantasia'),
(7, CAST(1 AS bit), N'Deporte'),
(8, CAST(1 AS bit), N'Musical'),
(9, CAST(1 AS bit), N'Automoviles'),
(10, CAST(1 AS bit), N'Medieval');
IF EXISTS (SELECT * FROM [sys].[identity_columns] WHERE [name] IN (N'Id', N'Estado', N'Nombre') AND [object_id] = OBJECT_ID(N'[GamerShop].[Genero]'))
    SET IDENTITY_INSERT [GamerShop].[Genero] OFF;
2023-10-30 23:43:51.718 -05:00 [INF] Executed DbCommand (8ms) [Parameters=[], CommandType='"Text"', CommandTimeout='30']
IF EXISTS (SELECT * FROM [sys].[identity_columns] WHERE [name] IN (N'Id', N'Estado', N'Nombre', N'Pais') AND [object_id] = OBJECT_ID(N'[GamerShop].[Publisher]'))
    SET IDENTITY_INSERT [GamerShop].[Publisher] ON;
INSERT INTO [GamerShop].[Publisher] ([Id], [Estado], [Nombre], [Pais])
VALUES (1, CAST(1 AS bit), N'Microsoft Game Studios', N'USA'),
(2, CAST(1 AS bit), N'RockStar Games', N'USA'),
(3, CAST(1 AS bit), N'EA TM', N'USA'),
(4, CAST(1 AS bit), N'SEGA', N'USA'),
(5, CAST(1 AS bit), N'CAPCOM', N'JPN'),
(6, CAST(1 AS bit), N'UBISOFT', N'USA'),
(7, CAST(1 AS bit), N'Insomniac Games', N'USA'),
(8, CAST(1 AS bit), N'Warner Bros Games', N'USA'),
(9, CAST(1 AS bit), N'Sony Interactive Games', N'JPN'),
(10, CAST(1 AS bit), N'THQ', N'AUT'),
(11, CAST(1 AS bit), N'Blizzard Entertaiment', N'USA'),
(12, CAST(1 AS bit), N'Telltale Games', N'USA'),
(13, CAST(1 AS bit), N'SquareEnix', N'JPN'),
(14, CAST(1 AS bit), N'Nintendo', N'JPN'),
(15, CAST(1 AS bit), N'Machine Zone', N'USA'),
(16, CAST(1 AS bit), N'EIDOS Interactive Ltd.', N'UK'),
(17, CAST(1 AS bit), N'Bethesda Softwork', N'CHN'),
(18, CAST(1 AS bit), N'Konami', N'JPN'),
(19, CAST(1 AS bit), N'Santa Monica Studio', N'USA');
IF EXISTS (SELECT * FROM [sys].[identity_columns] WHERE [name] IN (N'Id', N'Estado', N'Nombre', N'Pais') AND [object_id] = OBJECT_ID(N'[GamerShop].[Publisher]'))
    SET IDENTITY_INSERT [GamerShop].[Publisher] OFF;
2023-10-30 23:43:51.720 -05:00 [INF] Executed DbCommand (1ms) [Parameters=[], CommandType='"Text"', CommandTimeout='30']
CREATE INDEX [IX_AspNetRoleClaims_RoleId] ON [GamerShop].[AspNetRoleClaims] ([RoleId]);
2023-10-30 23:43:51.722 -05:00 [INF] Executed DbCommand (0ms) [Parameters=[], CommandType='"Text"', CommandTimeout='30']
CREATE INDEX [IX_AspNetUserClaims_UserId] ON [GamerShop].[AspNetUserClaims] ([UserId]);
2023-10-30 23:43:51.723 -05:00 [INF] Executed DbCommand (0ms) [Parameters=[], CommandType='"Text"', CommandTimeout='30']
CREATE INDEX [IX_AspNetUserLogins_UserId] ON [GamerShop].[AspNetUserLogins] ([UserId]);
2023-10-30 23:43:51.725 -05:00 [INF] Executed DbCommand (0ms) [Parameters=[], CommandType='"Text"', CommandTimeout='30']
CREATE INDEX [IX_Evaluacion_ClienteId] ON [GamerShop].[Evaluacion] ([ClienteId]);
2023-10-30 23:43:51.727 -05:00 [INF] Executed DbCommand (0ms) [Parameters=[], CommandType='"Text"', CommandTimeout='30']
CREATE INDEX [IX_Evaluacion_TituloId] ON [GamerShop].[Evaluacion] ([TituloId]);
2023-10-30 23:43:51.728 -05:00 [INF] Executed DbCommand (0ms) [Parameters=[], CommandType='"Text"', CommandTimeout='30']
CREATE INDEX [IX_Reserva_ClienteId] ON [GamerShop].[Reserva] ([ClienteId]);
2023-10-30 23:43:51.730 -05:00 [INF] Executed DbCommand (1ms) [Parameters=[], CommandType='"Text"', CommandTimeout='30']
CREATE INDEX [IX_Reserva_NroTxn] ON [GamerShop].[Reserva] ([NroTxn]);
2023-10-30 23:43:51.732 -05:00 [INF] Executed DbCommand (0ms) [Parameters=[], CommandType='"Text"', CommandTimeout='30']
CREATE INDEX [IX_Reserva_TituloId] ON [GamerShop].[Reserva] ([TituloId]);
2023-10-30 23:43:51.734 -05:00 [INF] Executed DbCommand (1ms) [Parameters=[], CommandType='"Text"', CommandTimeout='30']
CREATE UNIQUE INDEX [RoleNameIndex] ON [GamerShop].[Rol] ([NormalizedName]) WHERE [NormalizedName] IS NOT NULL;
2023-10-30 23:43:51.736 -05:00 [INF] Executed DbCommand (1ms) [Parameters=[], CommandType='"Text"', CommandTimeout='30']
CREATE INDEX [IX_Titulo_ClasificacionId] ON [GamerShop].[Titulo] ([ClasificacionId]);
2023-10-30 23:43:51.739 -05:00 [INF] Executed DbCommand (1ms) [Parameters=[], CommandType='"Text"', CommandTimeout='30']
CREATE INDEX [IX_Titulo_ConsolaId] ON [GamerShop].[Titulo] ([ConsolaId]);
2023-10-30 23:43:51.740 -05:00 [INF] Executed DbCommand (1ms) [Parameters=[], CommandType='"Text"', CommandTimeout='30']
CREATE INDEX [IX_Titulo_GeneroId] ON [GamerShop].[Titulo] ([GeneroId]);
2023-10-30 23:43:51.742 -05:00 [INF] Executed DbCommand (1ms) [Parameters=[], CommandType='"Text"', CommandTimeout='30']
CREATE INDEX [IX_Titulo_Nombre] ON [GamerShop].[Titulo] ([Nombre]);
2023-10-30 23:43:51.744 -05:00 [INF] Executed DbCommand (1ms) [Parameters=[], CommandType='"Text"', CommandTimeout='30']
CREATE INDEX [IX_Titulo_PublisherId] ON [GamerShop].[Titulo] ([PublisherId]);
2023-10-30 23:43:51.746 -05:00 [INF] Executed DbCommand (1ms) [Parameters=[], CommandType='"Text"', CommandTimeout='30']
CREATE INDEX [EmailIndex] ON [GamerShop].[Usuario] ([NormalizedEmail]);
2023-10-30 23:43:51.748 -05:00 [INF] Executed DbCommand (1ms) [Parameters=[], CommandType='"Text"', CommandTimeout='30']
CREATE UNIQUE INDEX [UserNameIndex] ON [GamerShop].[Usuario] ([NormalizedUserName]) WHERE [NormalizedUserName] IS NOT NULL;
2023-10-30 23:43:51.750 -05:00 [INF] Executed DbCommand (0ms) [Parameters=[], CommandType='"Text"', CommandTimeout='30']
CREATE INDEX [IX_UsuarioRol_RoleId] ON [GamerShop].[UsuarioRol] ([RoleId]);
2023-10-30 23:43:51.752 -05:00 [INF] Executed DbCommand (1ms) [Parameters=[], CommandType='"Text"', CommandTimeout='30']
CREATE OR ALTER   PROCEDURE [dbo].[uspReporteReserva]
            @Desde DATE,
            @Hasta DATE
            AS
            BEGIN
            SELECT T.Nombre AS TITULO, R.TotalVentas, E.PromedioClasificacion
                FROM GamerShop.Titulo T
                LEFT JOIN (
                    SELECT R.TituloId, SUM(R.ImporteTotal) AS TotalVentas
                    FROM GamerShop.Reserva R
                    WHERE @Hasta >= R.FechaTxn AND @Desde <= R.FechaTxn
                    GROUP BY R.TituloId
                ) R ON T.Id = R.TituloId
                LEFT JOIN (
                    SELECT E.TituloId, AVG(E.Calificacion) AS PromedioClasificacion
                    FROM GamerShop.Evaluacion E
                    WHERE @Hasta >= E.Fecha AND @Desde <= E.Fecha
                    GROUP BY E.TituloId
                ) E ON T.Id = E.TituloId;
            --SELECT T.Nombre, SUM(R.ImporteTotal) AS TotalVentas, AVG(E.Calificacion) AS PromedioClasificacion
            --FROM GamerShop.Reserva R
            --INNER JOIN GamerShop.Titulo T
            --ON T.Id = R.TituloId
            --INNER JOIN GamerShop.Evaluacion E
            --ON T.Id = E.TituloId
            --WHERE @Hasta >= R.FechaTxn AND @Desde <= R.FechaTxn
            --GROUP BY T.Nombre
            END
2023-10-30 23:43:51.755 -05:00 [INF] Executed DbCommand (1ms) [Parameters=[], CommandType='"Text"', CommandTimeout='30']
INSERT INTO [__EFMigrationsHistory] ([MigrationId], [ProductVersion])
VALUES (N'20231029050823_Migracion001', N'7.0.12');
2023-10-30 23:43:51.803 -05:00 [INF] User profile is available. Using 'C:\Users\JACKSON\AppData\Local\ASP.NET\DataProtection-Keys' as key repository and Windows DPAPI to encrypt keys at rest.
2023-10-30 23:43:52.014 -05:00 [INF] Executed DbCommand (17ms) [Parameters=[@__normalizedName_0='ADMINISTRATOR' (Size = 256)], CommandType='"Text"', CommandTimeout='30']
SELECT TOP(1) [r].[Id], [r].[ConcurrencyStamp], [r].[Name], [r].[NormalizedName]
FROM [GamerShop].[Rol] AS [r]
WHERE [r].[NormalizedName] = @__normalizedName_0
2023-10-30 23:43:52.028 -05:00 [INF] Executed DbCommand (1ms) [Parameters=[@__normalizedName_0='ADMINISTRATOR' (Size = 256)], CommandType='"Text"', CommandTimeout='30']
SELECT TOP(1) [r].[Id], [r].[ConcurrencyStamp], [r].[Name], [r].[NormalizedName]
FROM [GamerShop].[Rol] AS [r]
WHERE [r].[NormalizedName] = @__normalizedName_0
2023-10-30 23:43:52.116 -05:00 [INF] Executed DbCommand (2ms) [Parameters=[@p0='320063f5-11fd-47f3-9e81-203b6e5b8186' (Nullable = false) (Size = 450), @p1=NULL (Size = 4000), @p2='Administrator' (Size = 256), @p3='ADMINISTRATOR' (Size = 256)], CommandType='"Text"', CommandTimeout='30']
SET IMPLICIT_TRANSACTIONS OFF;
SET NOCOUNT ON;
INSERT INTO [GamerShop].[Rol] ([Id], [ConcurrencyStamp], [Name], [NormalizedName])
VALUES (@p0, @p1, @p2, @p3);
2023-10-30 23:43:52.130 -05:00 [INF] Executed DbCommand (3ms) [Parameters=[@__normalizedName_0='CUSTOMER' (Size = 256)], CommandType='"Text"', CommandTimeout='30']
SELECT TOP(1) [r].[Id], [r].[ConcurrencyStamp], [r].[Name], [r].[NormalizedName]
FROM [GamerShop].[Rol] AS [r]
WHERE [r].[NormalizedName] = @__normalizedName_0
2023-10-30 23:43:52.133 -05:00 [INF] Executed DbCommand (1ms) [Parameters=[@__normalizedName_0='CUSTOMER' (Size = 256)], CommandType='"Text"', CommandTimeout='30']
SELECT TOP(1) [r].[Id], [r].[ConcurrencyStamp], [r].[Name], [r].[NormalizedName]
FROM [GamerShop].[Rol] AS [r]
WHERE [r].[NormalizedName] = @__normalizedName_0
2023-10-30 23:43:52.137 -05:00 [INF] Executed DbCommand (1ms) [Parameters=[@p0='8adeb31c-921a-4c3e-a8e8-5c8c21345880' (Nullable = false) (Size = 450), @p1=NULL (Size = 4000), @p2='Customer' (Size = 256), @p3='CUSTOMER' (Size = 256)], CommandType='"Text"', CommandTimeout='30']
SET IMPLICIT_TRANSACTIONS OFF;
SET NOCOUNT ON;
INSERT INTO [GamerShop].[Rol] ([Id], [ConcurrencyStamp], [Name], [NormalizedName])
VALUES (@p0, @p1, @p2, @p3);
2023-10-30 23:43:52.280 -05:00 [INF] Executed DbCommand (2ms) [Parameters=[@__normalizedUserName_0='ADMIN@GMAIL.COM' (Size = 256)], CommandType='"Text"', CommandTimeout='30']
SELECT TOP(1) [u].[Id], [u].[AccessFailedCount], [u].[Age], [u].[ConcurrencyStamp], [u].[DocumentNumber], [u].[DocumentType], [u].[Email], [u].[EmailConfirmed], [u].[FirstName], [u].[LastName], [u].[LockoutEnabled], [u].[LockoutEnd], [u].[NormalizedEmail], [u].[NormalizedUserName], [u].[PasswordHash], [u].[PhoneNumber], [u].[PhoneNumberConfirmed], [u].[SecurityStamp], [u].[TwoFactorEnabled], [u].[UserName]
FROM [GamerShop].[Usuario] AS [u]
WHERE [u].[NormalizedUserName] = @__normalizedUserName_0
2023-10-30 23:43:52.295 -05:00 [INF] Executed DbCommand (1ms) [Parameters=[@__normalizedEmail_0='ADMIN@GMAIL.COM' (Size = 256)], CommandType='"Text"', CommandTimeout='30']
SELECT TOP(2) [u].[Id], [u].[AccessFailedCount], [u].[Age], [u].[ConcurrencyStamp], [u].[DocumentNumber], [u].[DocumentType], [u].[Email], [u].[EmailConfirmed], [u].[FirstName], [u].[LastName], [u].[LockoutEnabled], [u].[LockoutEnd], [u].[NormalizedEmail], [u].[NormalizedUserName], [u].[PasswordHash], [u].[PhoneNumber], [u].[PhoneNumberConfirmed], [u].[SecurityStamp], [u].[TwoFactorEnabled], [u].[UserName]
FROM [GamerShop].[Usuario] AS [u]
WHERE [u].[NormalizedEmail] = @__normalizedEmail_0
2023-10-30 23:43:52.348 -05:00 [INF] Executed DbCommand (2ms) [Parameters=[@p0='49e6408d-f437-461d-9fc1-01ace8240ab6' (Nullable = false) (Size = 450), @p1='0', @p2='30', @p3='7f43d0c4-f56d-4465-a516-11fae037c801' (Size = 4000), @p4='12345678' (Nullable = false) (Size = 20), @p5='0', @p6='admin@gmail.com' (Size = 256), @p7='True', @p8='Administrador' (Nullable = false) (Size = 100), @p9='del Sistema' (Nullable = false) (Size = 100), @p10='True', @p11=NULL (DbType = DateTimeOffset), @p12='ADMIN@GMAIL.COM' (Size = 256), @p13='ADMIN@GMAIL.COM' (Size = 256), @p14='AQAAAAIAAYagAAAAECb17pSWg0UQs7zm+eKuxhQIr3+QTNwUlUlCNQu3HrFRrdZqZJVYBdEpkU6Ytn1yfw==' (Size = 4000), @p15='999 999 999' (Size = 4000), @p16='False', @p17='IQFQTHZUUV5BZILNUX2H5T3CFRTZLTHR' (Size = 4000), @p18='False', @p19='admin@gmail.com' (Size = 256)], CommandType='"Text"', CommandTimeout='30']
SET IMPLICIT_TRANSACTIONS OFF;
SET NOCOUNT ON;
INSERT INTO [GamerShop].[Usuario] ([Id], [AccessFailedCount], [Age], [ConcurrencyStamp], [DocumentNumber], [DocumentType], [Email], [EmailConfirmed], [FirstName], [LastName], [LockoutEnabled], [LockoutEnd], [NormalizedEmail], [NormalizedUserName], [PasswordHash], [PhoneNumber], [PhoneNumberConfirmed], [SecurityStamp], [TwoFactorEnabled], [UserName])
VALUES (@p0, @p1, @p2, @p3, @p4, @p5, @p6, @p7, @p8, @p9, @p10, @p11, @p12, @p13, @p14, @p15, @p16, @p17, @p18, @p19);
2023-10-30 23:43:52.353 -05:00 [INF] Executed DbCommand (2ms) [Parameters=[@__normalizedEmail_0='ADMIN@GMAIL.COM' (Size = 256)], CommandType='"Text"', CommandTimeout='30']
SELECT TOP(2) [u].[Id], [u].[AccessFailedCount], [u].[Age], [u].[ConcurrencyStamp], [u].[DocumentNumber], [u].[DocumentType], [u].[Email], [u].[EmailConfirmed], [u].[FirstName], [u].[LastName], [u].[LockoutEnabled], [u].[LockoutEnd], [u].[NormalizedEmail], [u].[NormalizedUserName], [u].[PasswordHash], [u].[PhoneNumber], [u].[PhoneNumberConfirmed], [u].[SecurityStamp], [u].[TwoFactorEnabled], [u].[UserName]
FROM [GamerShop].[Usuario] AS [u]
WHERE [u].[NormalizedEmail] = @__normalizedEmail_0
2023-10-30 23:43:52.364 -05:00 [INF] Executed DbCommand (2ms) [Parameters=[@__normalizedRoleName_0='ADMINISTRATOR' (Size = 256)], CommandType='"Text"', CommandTimeout='30']
SELECT TOP(2) [r].[Id], [r].[ConcurrencyStamp], [r].[Name], [r].[NormalizedName]
FROM [GamerShop].[Rol] AS [r]
WHERE [r].[NormalizedName] = @__normalizedRoleName_0
2023-10-30 23:43:52.380 -05:00 [INF] Executed DbCommand (1ms) [Parameters=[@__p_0='49e6408d-f437-461d-9fc1-01ace8240ab6' (Size = 450), @__p_1='320063f5-11fd-47f3-9e81-203b6e5b8186' (Size = 450)], CommandType='"Text"', CommandTimeout='30']
SELECT TOP(1) [u].[UserId], [u].[RoleId]
FROM [GamerShop].[UsuarioRol] AS [u]
WHERE [u].[UserId] = @__p_0 AND [u].[RoleId] = @__p_1
2023-10-30 23:43:52.384 -05:00 [INF] Executed DbCommand (0ms) [Parameters=[@__normalizedRoleName_0='ADMINISTRATOR' (Size = 256)], CommandType='"Text"', CommandTimeout='30']
SELECT TOP(2) [r].[Id], [r].[ConcurrencyStamp], [r].[Name], [r].[NormalizedName]
FROM [GamerShop].[Rol] AS [r]
WHERE [r].[NormalizedName] = @__normalizedRoleName_0
2023-10-30 23:43:52.396 -05:00 [INF] Executed DbCommand (2ms) [Parameters=[@__normalizedUserName_0='ADMIN@GMAIL.COM' (Size = 256)], CommandType='"Text"', CommandTimeout='30']
SELECT TOP(1) [u].[Id], [u].[AccessFailedCount], [u].[Age], [u].[ConcurrencyStamp], [u].[DocumentNumber], [u].[DocumentType], [u].[Email], [u].[EmailConfirmed], [u].[FirstName], [u].[LastName], [u].[LockoutEnabled], [u].[LockoutEnd], [u].[NormalizedEmail], [u].[NormalizedUserName], [u].[PasswordHash], [u].[PhoneNumber], [u].[PhoneNumberConfirmed], [u].[SecurityStamp], [u].[TwoFactorEnabled], [u].[UserName]
FROM [GamerShop].[Usuario] AS [u]
WHERE [u].[NormalizedUserName] = @__normalizedUserName_0
2023-10-30 23:43:52.400 -05:00 [INF] Executed DbCommand (0ms) [Parameters=[@__normalizedEmail_0='ADMIN@GMAIL.COM' (Size = 256)], CommandType='"Text"', CommandTimeout='30']
SELECT TOP(2) [u].[Id], [u].[AccessFailedCount], [u].[Age], [u].[ConcurrencyStamp], [u].[DocumentNumber], [u].[DocumentType], [u].[Email], [u].[EmailConfirmed], [u].[FirstName], [u].[LastName], [u].[LockoutEnabled], [u].[LockoutEnd], [u].[NormalizedEmail], [u].[NormalizedUserName], [u].[PasswordHash], [u].[PhoneNumber], [u].[PhoneNumberConfirmed], [u].[SecurityStamp], [u].[TwoFactorEnabled], [u].[UserName]
FROM [GamerShop].[Usuario] AS [u]
WHERE [u].[NormalizedEmail] = @__normalizedEmail_0
2023-10-30 23:43:52.416 -05:00 [INF] Executed DbCommand (3ms) [Parameters=[@p19='49e6408d-f437-461d-9fc1-01ace8240ab6' (Nullable = false) (Size = 450), @p0='0', @p1='30', @p2='bce9c9d5-109d-4a9f-9e7d-54ecaceaa29a' (Size = 4000), @p20='7f43d0c4-f56d-4465-a516-11fae037c801' (Size = 4000), @p3='12345678' (Nullable = false) (Size = 20), @p4='0', @p5='admin@gmail.com' (Size = 256), @p6='True', @p7='Administrador' (Nullable = false) (Size = 100), @p8='del Sistema' (Nullable = false) (Size = 100), @p9='True', @p10=NULL (DbType = DateTimeOffset), @p11='ADMIN@GMAIL.COM' (Size = 256), @p12='ADMIN@GMAIL.COM' (Size = 256), @p13='AQAAAAIAAYagAAAAECb17pSWg0UQs7zm+eKuxhQIr3+QTNwUlUlCNQu3HrFRrdZqZJVYBdEpkU6Ytn1yfw==' (Size = 4000), @p14='999 999 999' (Size = 4000), @p15='False', @p16='IQFQTHZUUV5BZILNUX2H5T3CFRTZLTHR' (Size = 4000), @p17='False', @p18='admin@gmail.com' (Size = 256), @p21='320063f5-11fd-47f3-9e81-203b6e5b8186' (Nullable = false) (Size = 450), @p22='49e6408d-f437-461d-9fc1-01ace8240ab6' (Nullable = false) (Size = 450)], CommandType='"Text"', CommandTimeout='30']
SET NOCOUNT ON;
UPDATE [GamerShop].[Usuario] SET [AccessFailedCount] = @p0, [Age] = @p1, [ConcurrencyStamp] = @p2, [DocumentNumber] = @p3, [DocumentType] = @p4, [Email] = @p5, [EmailConfirmed] = @p6, [FirstName] = @p7, [LastName] = @p8, [LockoutEnabled] = @p9, [LockoutEnd] = @p10, [NormalizedEmail] = @p11, [NormalizedUserName] = @p12, [PasswordHash] = @p13, [PhoneNumber] = @p14, [PhoneNumberConfirmed] = @p15, [SecurityStamp] = @p16, [TwoFactorEnabled] = @p17, [UserName] = @p18
OUTPUT 1
WHERE [Id] = @p19 AND [ConcurrencyStamp] = @p20;
INSERT INTO [GamerShop].[UsuarioRol] ([RoleId], [UserId])
VALUES (@p21, @p22);
2023-10-30 23:43:52.585 -05:00 [INF] Now listening on: https://localhost:7063
2023-10-30 23:43:52.589 -05:00 [INF] Now listening on: http://localhost:5022
2023-10-30 23:43:52.596 -05:00 [INF] Application started. Press Ctrl+C to shut down.
2023-10-30 23:43:52.598 -05:00 [INF] Hosting environment: Development
2023-10-30 23:43:52.600 -05:00 [INF] Content root path: C:\Users\JACKSON\source\repos\GamerSellStore\GamerSellStore.Api
2023-10-30 23:43:53.117 -05:00 [INF] Request starting HTTP/2 GET https://localhost:7063/swagger/index.html - -
2023-10-30 23:43:53.357 -05:00 [INF] Request starting HTTP/2 GET https://localhost:7063/_framework/aspnetcore-browser-refresh.js - -
2023-10-30 23:43:53.365 -05:00 [INF] Request starting HTTP/2 GET https://localhost:7063/_vs/browserLink - -
2023-10-30 23:43:53.404 -05:00 [INF] Request finished HTTP/2 GET https://localhost:7063/swagger/index.html - - - 200 - text/html;charset=utf-8 244.0169ms
2023-10-30 23:43:53.413 -05:00 [INF] Request finished HTTP/2 GET https://localhost:7063/_framework/aspnetcore-browser-refresh.js - - - 200 12368 application/javascript;+charset=utf-8 55.6825ms
2023-10-30 23:43:53.431 -05:00 [INF] Request finished HTTP/2 GET https://localhost:7063/_vs/browserLink - - - 200 - text/javascript;+charset=UTF-8 66.6884ms
2023-10-30 23:43:53.465 -05:00 [INF] Request starting HTTP/2 GET https://localhost:7063/swagger/v1/swagger.json - -
2023-10-30 23:43:53.565 -05:00 [INF] Request finished HTTP/2 GET https://localhost:7063/swagger/v1/swagger.json - - - 200 - application/json;charset=utf-8 99.1381ms
2023-10-30 23:43:58.161 -05:00 [INF] Request starting HTTP/2 GET https://localhost:7063/api/Clasificacion/Listar - -
2023-10-30 23:43:58.308 -05:00 [INF] Executing endpoint 'GamerSellStore.Api.Controllers.ClasificacionController.ListarAsync (GamerSellStore.Api)'
2023-10-30 23:43:58.319 -05:00 [INF] Route matched with {action = "Listar", controller = "Clasificacion"}. Executing controller action with signature System.Threading.Tasks.Task`1[Microsoft.AspNetCore.Mvc.IActionResult] ListarAsync() on controller GamerSellStore.Api.Controllers.ClasificacionController (GamerSellStore.Api).
2023-10-30 23:43:58.429 -05:00 [INF] Executed DbCommand (1ms) [Parameters=[], CommandType='"Text"', CommandTimeout='30']
SELECT [c].[Id], [c].[Estado], [c].[Nombre]
FROM [GamerShop].[Clasificacion] AS [c]
2023-10-30 23:43:58.503 -05:00 [INF] RESPONSE:[{"codResp":"00","descResp":"Conforme","Data":[{"Id":1,"Nombre":"E","Estado":1},{"Id":2,"Nombre":"E10+","Estado":1},{"Id":3,"Nombre":"T","Estado":1},{"Id":4,"Nombre":"M","Estado":1},{"Id":5,"Nombre":"AO","Estado":1},{"Id":6,"Nombre":"RP","Estado":1}],"TotalPages":0}]
2023-10-30 23:43:58.509 -05:00 [INF] Executing OkObjectResult, writing value of type 'GamerSellStore.Dtos.ResponseBase.BaseResponseLista`1[[GamerSellStore.Dtos.Response.ClasificacionSearchDtoResponse, GamerSellStore.Dtos, Version=1.0.0.0, Culture=neutral, PublicKeyToken=null]]'.
2023-10-30 23:43:58.515 -05:00 [INF] Executed action GamerSellStore.Api.Controllers.ClasificacionController.ListarAsync (GamerSellStore.Api) in 193.179ms
2023-10-30 23:43:58.516 -05:00 [INF] Executed endpoint 'GamerSellStore.Api.Controllers.ClasificacionController.ListarAsync (GamerSellStore.Api)'
2023-10-30 23:43:58.517 -05:00 [INF] Request finished HTTP/2 GET https://localhost:7063/api/Clasificacion/Listar - - - 200 - application/json;+charset=utf-8 355.4290ms
2023-10-30 23:44:20.564 -05:00 [INF] Executed DbCommand (26ms) [Parameters=[], CommandType='"Text"', CommandTimeout='30']
SELECT 1
2023-10-30 23:44:20.606 -05:00 [INF] Executed DbCommand (16ms) [Parameters=[], CommandType='"Text"', CommandTimeout='30']
SELECT OBJECT_ID(N'[__EFMigrationsHistory]');
2023-10-30 23:44:20.610 -05:00 [INF] Executed DbCommand (1ms) [Parameters=[], CommandType='"Text"', CommandTimeout='30']
SELECT 1
2023-10-30 23:44:20.612 -05:00 [INF] Executed DbCommand (1ms) [Parameters=[], CommandType='"Text"', CommandTimeout='30']
SELECT OBJECT_ID(N'[__EFMigrationsHistory]');
2023-10-30 23:44:20.624 -05:00 [INF] Executed DbCommand (2ms) [Parameters=[], CommandType='"Text"', CommandTimeout='30']
SELECT [MigrationId], [ProductVersion]
FROM [__EFMigrationsHistory]
ORDER BY [MigrationId];
2023-10-30 23:44:20.639 -05:00 [INF] No migrations were applied. The database is already up to date.
2023-10-30 23:44:20.658 -05:00 [INF] User profile is available. Using 'C:\Users\JACKSON\AppData\Local\ASP.NET\DataProtection-Keys' as key repository and Windows DPAPI to encrypt keys at rest.
2023-10-30 23:44:20.866 -05:00 [INF] Executed DbCommand (45ms) [Parameters=[@__normalizedName_0='ADMINISTRATOR' (Size = 256)], CommandType='"Text"', CommandTimeout='30']
SELECT TOP(1) [r].[Id], [r].[ConcurrencyStamp], [r].[Name], [r].[NormalizedName]
FROM [GamerShop].[Rol] AS [r]
WHERE [r].[NormalizedName] = @__normalizedName_0
2023-10-30 23:44:20.899 -05:00 [INF] Executed DbCommand (1ms) [Parameters=[@__normalizedName_0='CUSTOMER' (Size = 256)], CommandType='"Text"', CommandTimeout='30']
SELECT TOP(1) [r].[Id], [r].[ConcurrencyStamp], [r].[Name], [r].[NormalizedName]
FROM [GamerShop].[Rol] AS [r]
WHERE [r].[NormalizedName] = @__normalizedName_0
2023-10-30 23:44:21.008 -05:00 [INF] Executed DbCommand (2ms) [Parameters=[@__normalizedUserName_0='ADMIN@GMAIL.COM' (Size = 256)], CommandType='"Text"', CommandTimeout='30']
SELECT TOP(1) [u].[Id], [u].[AccessFailedCount], [u].[Age], [u].[ConcurrencyStamp], [u].[DocumentNumber], [u].[DocumentType], [u].[Email], [u].[EmailConfirmed], [u].[FirstName], [u].[LastName], [u].[LockoutEnabled], [u].[LockoutEnd], [u].[NormalizedEmail], [u].[NormalizedUserName], [u].[PasswordHash], [u].[PhoneNumber], [u].[PhoneNumberConfirmed], [u].[SecurityStamp], [u].[TwoFactorEnabled], [u].[UserName]
FROM [GamerShop].[Usuario] AS [u]
WHERE [u].[NormalizedUserName] = @__normalizedUserName_0
2023-10-30 23:44:21.052 -05:00 [INF] Executed DbCommand (1ms) [Parameters=[@__normalizedEmail_0='ADMIN@GMAIL.COM' (Size = 256)], CommandType='"Text"', CommandTimeout='30']
SELECT TOP(2) [u].[Id], [u].[AccessFailedCount], [u].[Age], [u].[ConcurrencyStamp], [u].[DocumentNumber], [u].[DocumentType], [u].[Email], [u].[EmailConfirmed], [u].[FirstName], [u].[LastName], [u].[LockoutEnabled], [u].[LockoutEnd], [u].[NormalizedEmail], [u].[NormalizedUserName], [u].[PasswordHash], [u].[PhoneNumber], [u].[PhoneNumberConfirmed], [u].[SecurityStamp], [u].[TwoFactorEnabled], [u].[UserName]
FROM [GamerShop].[Usuario] AS [u]
WHERE [u].[NormalizedEmail] = @__normalizedEmail_0
2023-10-30 23:44:21.166 -05:00 [INF] Now listening on: https://localhost:7063
2023-10-30 23:44:21.168 -05:00 [INF] Now listening on: http://localhost:5022
2023-10-30 23:44:21.171 -05:00 [INF] Application started. Press Ctrl+C to shut down.
2023-10-30 23:44:21.173 -05:00 [INF] Hosting environment: Development
2023-10-30 23:44:21.174 -05:00 [INF] Content root path: C:\Users\JACKSON\source\repos\GamerSellStore\GamerSellStore.Api
2023-10-30 23:44:21.714 -05:00 [INF] Request starting HTTP/2 GET https://localhost:7063/swagger/index.html - -
2023-10-30 23:44:21.909 -05:00 [INF] Request finished HTTP/2 GET https://localhost:7063/swagger/index.html - - - 200 - text/html;charset=utf-8 194.7605ms
2023-10-30 23:44:21.911 -05:00 [INF] Request starting HTTP/2 GET https://localhost:7063/_vs/browserLink - -
2023-10-30 23:44:21.911 -05:00 [INF] Request starting HTTP/2 GET https://localhost:7063/_framework/aspnetcore-browser-refresh.js - -
2023-10-30 23:44:21.923 -05:00 [INF] Request finished HTTP/2 GET https://localhost:7063/_framework/aspnetcore-browser-refresh.js - - - 200 12368 application/javascript;+charset=utf-8 12.5170ms
2023-10-30 23:44:21.928 -05:00 [INF] Request finished HTTP/2 GET https://localhost:7063/_vs/browserLink - - - 200 - text/javascript;+charset=UTF-8 17.6946ms
2023-10-30 23:44:21.969 -05:00 [INF] Request starting HTTP/2 GET https://localhost:7063/swagger/v1/swagger.json - -
2023-10-30 23:44:22.051 -05:00 [INF] Request finished HTTP/2 GET https://localhost:7063/swagger/v1/swagger.json - - - 200 - application/json;charset=utf-8 81.9855ms
2023-10-30 23:44:27.060 -05:00 [INF] Request starting HTTP/2 GET https://localhost:7063/api/Clasificacion/Listar - -
2023-10-30 23:44:27.487 -05:00 [INF] Executing endpoint 'GamerSellStore.Api.Controllers.ClasificacionController.ListarAsync (GamerSellStore.Api)'
2023-10-30 23:44:27.495 -05:00 [INF] Route matched with {action = "Listar", controller = "Clasificacion"}. Executing controller action with signature System.Threading.Tasks.Task`1[Microsoft.AspNetCore.Mvc.IActionResult] ListarAsync() on controller GamerSellStore.Api.Controllers.ClasificacionController (GamerSellStore.Api).
2023-10-30 23:44:27.650 -05:00 [INF] Executed DbCommand (1ms) [Parameters=[], CommandType='"Text"', CommandTimeout='30']
SELECT [c].[Id], [c].[Estado], [c].[Nombre]
FROM [GamerShop].[Clasificacion] AS [c]
2023-10-30 23:44:27.719 -05:00 [INF] RESPONSE:[{"codResp":"00","descResp":"Conforme","Data":[{"Id":1,"Nombre":"E","Estado":1},{"Id":2,"Nombre":"E10+","Estado":1},{"Id":3,"Nombre":"T","Estado":1},{"Id":4,"Nombre":"M","Estado":1},{"Id":5,"Nombre":"AO","Estado":1},{"Id":6,"Nombre":"RP","Estado":1}],"TotalPages":0}]
2023-10-30 23:44:27.724 -05:00 [INF] Executing OkObjectResult, writing value of type 'GamerSellStore.Dtos.ResponseBase.BaseResponseLista`1[[GamerSellStore.Dtos.Response.ClasificacionSearchDtoResponse, GamerSellStore.Dtos, Version=1.0.0.0, Culture=neutral, PublicKeyToken=null]]'.
2023-10-30 23:44:27.730 -05:00 [INF] Executed action GamerSellStore.Api.Controllers.ClasificacionController.ListarAsync (GamerSellStore.Api) in 232.2809ms
2023-10-30 23:44:27.731 -05:00 [INF] Executed endpoint 'GamerSellStore.Api.Controllers.ClasificacionController.ListarAsync (GamerSellStore.Api)'
2023-10-30 23:44:27.731 -05:00 [INF] Request finished HTTP/2 GET https://localhost:7063/api/Clasificacion/Listar - - - 200 - application/json;+charset=utf-8 671.3759ms
